# JRE version: OpenJDK Runtime Environment (8.0_212-b04) (build 1.8.0_212-release-1586-b04)
# Java VM: OpenJDK 64-Bit Server VM (25.212-b04 mixed mode windows-amd64 compressed oops)
Heap:
 PSYoungGen      total 382976K, used 346462K [0x00000000e0000000, 0x00000000ffd00000, 0x0000000100000000)
  eden space 343552K, 89% used [0x00000000e0000000,0x00000000f2bd99c8,0x00000000f4f80000)
  from space 39424K, 99% used [0x00000000f8580000,0x00000000fabfe168,0x00000000fac00000)
  to   space 55296K, 0% used [0x00000000f4f80000,0x00000000f4f80000,0x00000000f8580000)
 ParOldGen       total 298496K, used 143614K [0x00000000a0000000, 0x00000000b2380000, 0x00000000e0000000)
  object space 298496K, 48% used [0x00000000a0000000,0x00000000a8c3f960,0x00000000b2380000)
 Metaspace       used 75152K, capacity 78192K, committed 79576K, reserved 1118208K
  class space    used 10135K, capacity 10787K, committed 11224K, reserved 1048576K
GC Heap History (10 events):
Event: 24.251 GC heap before
{Heap before GC invocations=28 (full 4):
 PSYoungGen      total 398336K, used 382236K [0x00000000e0000000, 0x00000000fac00000, 0x0000000100000000)
  eden space 358400K, 100% used [0x00000000e0000000,0x00000000f5e00000,0x00000000f5e00000)
  from space 39936K, 59% used [0x00000000f5e00000,0x00000000f7547040,0x00000000f8500000)
  to   space 39424K, 0% used [0x00000000f8580000,0x00000000f8580000,0x00000000fac00000)
 ParOldGen       total 298496K, used 127721K [0x00000000a0000000, 0x00000000b2380000, 0x00000000e0000000)
  object space 298496K, 42% used [0x00000000a0000000,0x00000000a7cba720,0x00000000b2380000)
 Metaspace       used 74880K, capacity 77966K, committed 79576K, reserved 1118208K
  class space    used 10132K, capacity 10786K, committed 11224K, reserved 1048576K
Event: 24.295 GC heap after
Heap after GC invocations=28 (full 4):
 PSYoungGen      total 397824K, used 24048K [0x00000000e0000000, 0x00000000fac00000, 0x0000000100000000)
  eden space 358400K, 0% used [0x00000000e0000000,0x00000000e0000000,0x00000000f5e00000)
  from space 39424K, 60% used [0x00000000f8580000,0x00000000f9cfc0b0,0x00000000fac00000)
  to   space 39936K, 0% used [0x00000000f5e00000,0x00000000f5e00000,0x00000000f8500000)
 ParOldGen       total 298496K, used 131195K [0x00000000a0000000, 0x00000000b2380000, 0x00000000e0000000)
  object space 298496K, 43% used [0x00000000a0000000,0x00000000a801eda0,0x00000000b2380000)
 Metaspace       used 74880K, capacity 77966K, committed 79576K, reserved 1118208K
  class space    used 10132K, capacity 10786K, committed 11224K, reserved 1048576K
}
Event: 24.903 GC heap before
{Heap before GC invocations=29 (full 4):
 PSYoungGen      total 397824K, used 382448K [0x00000000e0000000, 0x00000000fac00000, 0x0000000100000000)
  eden space 358400K, 100% used [0x00000000e0000000,0x00000000f5e00000,0x00000000f5e00000)
  from space 39424K, 60% used [0x00000000f8580000,0x00000000f9cfc0b0,0x00000000fac00000)
  to   space 39936K, 0% used [0x00000000f5e00000,0x00000000f5e00000,0x00000000f8500000)
 ParOldGen       total 298496K, used 131195K [0x00000000a0000000, 0x00000000b2380000, 0x00000000e0000000)
  object space 298496K, 43% used [0x00000000a0000000,0x00000000a801eda0,0x00000000b2380000)
 Metaspace       used 74894K, capacity 77966K, committed 79576K, reserved 1118208K
  class space    used 10132K, capacity 10786K, committed 11224K, reserved 1048576K
Event: 24.933 GC heap after
Heap after GC invocations=29 (full 4):
 PSYoungGen      total 398336K, used 25974K [0x00000000e0000000, 0x00000000fac00000, 0x0000000100000000)
  eden space 358400K, 0% used [0x00000000e0000000,0x00000000e0000000,0x00000000f5e00000)
  from space 39936K, 65% used [0x00000000f5e00000,0x00000000f775d9e0,0x00000000f8500000)
  to   space 39424K, 0% used [0x00000000f8580000,0x00000000f8580000,0x00000000fac00000)
 ParOldGen       total 298496K, used 133915K [0x00000000a0000000, 0x00000000b2380000, 0x00000000e0000000)
  object space 298496K, 44% used [0x00000000a0000000,0x00000000a82c6ef8,0x00000000b2380000)
 Metaspace       used 74894K, capacity 77966K, committed 79576K, reserved 1118208K
  class space    used 10132K, capacity 10786K, committed 11224K, reserved 1048576K
}
Event: 25.721 GC heap before
{Heap before GC invocations=30 (full 4):
 PSYoungGen      total 398336K, used 384374K [0x00000000e0000000, 0x00000000fac00000, 0x0000000100000000)
  eden space 358400K, 100% used [0x00000000e0000000,0x00000000f5e00000,0x00000000f5e00000)
  from space 39936K, 65% used [0x00000000f5e00000,0x00000000f775d9e0,0x00000000f8500000)
  to   space 39424K, 0% used [0x00000000f8580000,0x00000000f8580000,0x00000000fac00000)
 ParOldGen       total 298496K, used 133915K [0x00000000a0000000, 0x00000000b2380000, 0x00000000e0000000)
  object space 298496K, 44% used [0x00000000a0000000,0x00000000a82c6ef8,0x00000000b2380000)
 Metaspace       used 75062K, capacity 78104K, committed 79576K, reserved 1118208K
  class space    used 10132K, capacity 10787K, committed 11224K, reserved 1048576K
Event: 25.762 GC heap after
Heap after GC invocations=30 (full 4):
 PSYoungGen      total 393216K, used 32897K [0x00000000e0000000, 0x00000000feb00000, 0x0000000100000000)
  eden space 353792K, 0% used [0x00000000e0000000,0x00000000e0000000,0x00000000f5980000)
  from space 39424K, 83% used [0x00000000f8580000,0x00000000fa5a06c8,0x00000000fac00000)
  to   space 45056K, 0% used [0x00000000f5980000,0x00000000f5980000,0x00000000f8580000)
 ParOldGen       total 298496K, used 136370K [0x00000000a0000000, 0x00000000b2380000, 0x00000000e0000000)
  object space 298496K, 45% used [0x00000000a0000000,0x00000000a852ca10,0x00000000b2380000)
 Metaspace       used 75062K, capacity 78104K, committed 79576K, reserved 1118208K
  class space    used 10132K, capacity 10787K, committed 11224K, reserved 1048576K
}
Event: 26.449 GC heap before
{Heap before GC invocations=31 (full 4):
 PSYoungGen      total 393216K, used 386689K [0x00000000e0000000, 0x00000000feb00000, 0x0000000100000000)
  eden space 353792K, 100% used [0x00000000e0000000,0x00000000f5980000,0x00000000f5980000)
  from space 39424K, 83% used [0x00000000f8580000,0x00000000fa5a06c8,0x00000000fac00000)
  to   space 45056K, 0% used [0x00000000f5980000,0x00000000f5980000,0x00000000f8580000)
 ParOldGen       total 298496K, used 136370K [0x00000000a0000000, 0x00000000b2380000, 0x00000000e0000000)
  object space 298496K, 45% used [0x00000000a0000000,0x00000000a852ca10,0x00000000b2380000)
 Metaspace       used 75097K, capacity 78120K, committed 79576K, reserved 1118208K
  class space    used 10132K, capacity 10787K, committed 11224K, reserved 1048576K
Event: 26.491 GC heap after
Heap after GC invocations=31 (full 4):
 PSYoungGen      total 398848K, used 40277K [0x00000000e0000000, 0x00000000feb00000, 0x0000000100000000)
  eden space 353792K, 0% used [0x00000000e0000000,0x00000000e0000000,0x00000000f5980000)
  from space 45056K, 89% used [0x00000000f5980000,0x00000000f80d5408,0x00000000f8580000)
  to   space 39424K, 0% used [0x00000000f8580000,0x00000000f8580000,0x00000000fac00000)
 ParOldGen       total 298496K, used 138993K [0x00000000a0000000, 0x00000000b2380000, 0x00000000e0000000)
  object space 298496K, 46% used [0x00000000a0000000,0x00000000a87bc468,0x00000000b2380000)
 Metaspace       used 75097K, capacity 78120K, committed 79576K, reserved 1118208K
  class space    used 10132K, capacity 10787K, committed 11224K, reserved 1048576K
}
Event: 27.021 GC heap before
{Heap before GC invocations=32 (full 4):
 PSYoungGen      total 398848K, used 394069K [0x00000000e0000000, 0x00000000feb00000, 0x0000000100000000)
  eden space 353792K, 100% used [0x00000000e0000000,0x00000000f5980000,0x00000000f5980000)
  from space 45056K, 89% used [0x00000000f5980000,0x00000000f80d5408,0x00000000f8580000)
  to   space 39424K, 0% used [0x00000000f8580000,0x00000000f8580000,0x00000000fac00000)
 ParOldGen       total 298496K, used 138993K [0x00000000a0000000, 0x00000000b2380000, 0x00000000e0000000)
  object space 298496K, 46% used [0x00000000a0000000,0x00000000a87bc468,0x00000000b2380000)
 Metaspace       used 75131K, capacity 78128K, committed 79576K, reserved 1118208K
  class space    used 10135K, capacity 10787K, committed 11224K, reserved 1048576K
Event: 27.059 GC heap after
Heap after GC invocations=32 (full 4):
 PSYoungGen      total 382976K, used 39416K [0x00000000e0000000, 0x00000000ffd00000, 0x0000000100000000)
  eden space 343552K, 0% used [0x00000000e0000000,0x00000000e0000000,0x00000000f4f80000)
  from space 39424K, 99% used [0x00000000f8580000,0x00000000fabfe168,0x00000000fac00000)
  to   space 55296K, 0% used [0x00000000f4f80000,0x00000000f4f80000,0x00000000f8580000)
 ParOldGen       total 298496K, used 143614K [0x00000000a0000000, 0x00000000b2380000, 0x00000000e0000000)
  object space 298496K, 48% used [0x00000000a0000000,0x00000000a8c3f960,0x00000000b2380000)
 Metaspace       used 75131K, capacity 78128K, committed 79576K, reserved 1118208K
  class space    used 10135K, capacity 10787K, committed 11224K, reserved 1048576K
}

