# JRE version: OpenJDK Runtime Environment (8.0_212-b04) (build 1.8.0_212-release-1586-b04)
# Java VM: OpenJDK 64-Bit Server VM (25.212-b04 mixed mode windows-amd64 compressed oops)
Heap:
 PSYoungGen      total 303616K, used 144702K [0x00000000e0000000, 0x00000000f7d00000, 0x0000000100000000)
  eden space 241152K, 58% used [0x00000000e0000000,0x00000000e895f838,0x00000000eeb80000)
  from space 62464K, 6% used [0x00000000eeb80000,0x00000000eef70260,0x00000000f2880000)
  to   space 72704K, 0% used [0x00000000f2880000,0x00000000f2880000,0x00000000f6f80000)
 ParOldGen       total 304128K, used 160907K [0x00000000a0000000, 0x00000000b2900000, 0x00000000e0000000)
  object space 304128K, 52% used [0x00000000a0000000,0x00000000a9d22fb0,0x00000000b2900000)
 Metaspace       used 86092K, capacity 90080K, committed 91416K, reserved 1128448K
  class space    used 11460K, capacity 12281K, committed 12568K, reserved 1048576K
GC Heap History (10 events):
Event: 38.731 GC heap before
{Heap before GC invocations=27 (full 4):
 PSYoungGen      total 302592K, used 236966K [0x00000000e0000000, 0x00000000f6f80000, 0x0000000100000000)
  eden space 229888K, 100% used [0x00000000e0000000,0x00000000ee080000,0x00000000ee080000)
  from space 72704K, 9% used [0x00000000f2880000,0x00000000f2f698b8,0x00000000f6f80000)
  to   space 73216K, 0% used [0x00000000ee080000,0x00000000ee080000,0x00000000f2800000)
 ParOldGen       total 304128K, used 143504K [0x00000000a0000000, 0x00000000b2900000, 0x00000000e0000000)
  object space 304128K, 47% used [0x00000000a0000000,0x00000000a8c24290,0x00000000b2900000)
 Metaspace       used 85730K, capacity 89650K, committed 91160K, reserved 1128448K
  class space    used 11451K, capacity 12266K, committed 12568K, reserved 1048576K
Event: 38.745 GC heap after
Heap after GC invocations=27 (full 4):
 PSYoungGen      total 303104K, used 4178K [0x00000000e0000000, 0x00000000f6f80000, 0x0000000100000000)
  eden space 229888K, 0% used [0x00000000e0000000,0x00000000e0000000,0x00000000ee080000)
  from space 73216K, 5% used [0x00000000ee080000,0x00000000ee494b90,0x00000000f2800000)
  to   space 72704K, 0% used [0x00000000f2880000,0x00000000f2880000,0x00000000f6f80000)
 ParOldGen       total 304128K, used 149588K [0x00000000a0000000, 0x00000000b2900000, 0x00000000e0000000)
  object space 304128K, 49% used [0x00000000a0000000,0x00000000a9215140,0x00000000b2900000)
 Metaspace       used 85730K, capacity 89650K, committed 91160K, reserved 1128448K
  class space    used 11451K, capacity 12266K, committed 12568K, reserved 1048576K
}
Event: 39.066 GC heap before
{Heap before GC invocations=28 (full 4):
 PSYoungGen      total 303104K, used 234066K [0x00000000e0000000, 0x00000000f6f80000, 0x0000000100000000)
  eden space 229888K, 100% used [0x00000000e0000000,0x00000000ee080000,0x00000000ee080000)
  from space 73216K, 5% used [0x00000000ee080000,0x00000000ee494b90,0x00000000f2800000)
  to   space 72704K, 0% used [0x00000000f2880000,0x00000000f2880000,0x00000000f6f80000)
 ParOldGen       total 304128K, used 149588K [0x00000000a0000000, 0x00000000b2900000, 0x00000000e0000000)
  object space 304128K, 49% used [0x00000000a0000000,0x00000000a9215140,0x00000000b2900000)
 Metaspace       used 85792K, capacity 89754K, committed 91160K, reserved 1128448K
  class space    used 11455K, capacity 12274K, committed 12568K, reserved 1048576K
Event: 39.081 GC heap after
Heap after GC invocations=28 (full 4):
 PSYoungGen      total 302592K, used 4053K [0x00000000e0000000, 0x00000000f6f80000, 0x0000000100000000)
  eden space 229888K, 0% used [0x00000000e0000000,0x00000000e0000000,0x00000000ee080000)
  from space 72704K, 5% used [0x00000000f2880000,0x00000000f2c75620,0x00000000f6f80000)
  to   space 73216K, 0% used [0x00000000ee080000,0x00000000ee080000,0x00000000f2800000)
 ParOldGen       total 304128K, used 152808K [0x00000000a0000000, 0x00000000b2900000, 0x00000000e0000000)
  object space 304128K, 50% used [0x00000000a0000000,0x00000000a953a118,0x00000000b2900000)
 Metaspace       used 85792K, capacity 89754K, committed 91160K, reserved 1128448K
  class space    used 11455K, capacity 12274K, committed 12568K, reserved 1048576K
}
Event: 39.400 GC heap before
{Heap before GC invocations=29 (full 4):
 PSYoungGen      total 302592K, used 233941K [0x00000000e0000000, 0x00000000f6f80000, 0x0000000100000000)
  eden space 229888K, 100% used [0x00000000e0000000,0x00000000ee080000,0x00000000ee080000)
  from space 72704K, 5% used [0x00000000f2880000,0x00000000f2c75620,0x00000000f6f80000)
  to   space 73216K, 0% used [0x00000000ee080000,0x00000000ee080000,0x00000000f2800000)
 ParOldGen       total 304128K, used 152808K [0x00000000a0000000, 0x00000000b2900000, 0x00000000e0000000)
  object space 304128K, 50% used [0x00000000a0000000,0x00000000a953a118,0x00000000b2900000)
 Metaspace       used 85889K, capacity 89898K, committed 91416K, reserved 1128448K
  class space    used 11456K, capacity 12274K, committed 12568K, reserved 1048576K
Event: 39.409 GC heap after
Heap after GC invocations=29 (full 4):
 PSYoungGen      total 303104K, used 3438K [0x00000000e0000000, 0x00000000f6f80000, 0x0000000100000000)
  eden space 229888K, 0% used [0x00000000e0000000,0x00000000e0000000,0x00000000ee080000)
  from space 73216K, 4% used [0x00000000ee080000,0x00000000ee3db850,0x00000000f2800000)
  to   space 72704K, 0% used [0x00000000f2880000,0x00000000f2880000,0x00000000f6f80000)
 ParOldGen       total 304128K, used 155221K [0x00000000a0000000, 0x00000000b2900000, 0x00000000e0000000)
  object space 304128K, 51% used [0x00000000a0000000,0x00000000a9795780,0x00000000b2900000)
 Metaspace       used 85889K, capacity 89898K, committed 91416K, reserved 1128448K
  class space    used 11456K, capacity 12274K, committed 12568K, reserved 1048576K
}
Event: 39.762 GC heap before
{Heap before GC invocations=30 (full 4):
 PSYoungGen      total 303104K, used 233326K [0x00000000e0000000, 0x00000000f6f80000, 0x0000000100000000)
  eden space 229888K, 100% used [0x00000000e0000000,0x00000000ee080000,0x00000000ee080000)
  from space 73216K, 4% used [0x00000000ee080000,0x00000000ee3db850,0x00000000f2800000)
  to   space 72704K, 0% used [0x00000000f2880000,0x00000000f2880000,0x00000000f6f80000)
 ParOldGen       total 304128K, used 155221K [0x00000000a0000000, 0x00000000b2900000, 0x00000000e0000000)
  object space 304128K, 51% used [0x00000000a0000000,0x00000000a9795780,0x00000000b2900000)
 Metaspace       used 85968K, capacity 89932K, committed 91416K, reserved 1128448K
  class space    used 11459K, capacity 12279K, committed 12568K, reserved 1048576K
Event: 39.771 GC heap after
Heap after GC invocations=30 (full 4):
 PSYoungGen      total 313856K, used 4178K [0x00000000e0000000, 0x00000000f7d00000, 0x0000000100000000)
  eden space 241152K, 0% used [0x00000000e0000000,0x00000000e0000000,0x00000000eeb80000)
  from space 72704K, 5% used [0x00000000f2880000,0x00000000f2c94b40,0x00000000f6f80000)
  to   space 62464K, 0% used [0x00000000eeb80000,0x00000000eeb80000,0x00000000f2880000)
 ParOldGen       total 304128K, used 157788K [0x00000000a0000000, 0x00000000b2900000, 0x00000000e0000000)
  object space 304128K, 51% used [0x00000000a0000000,0x00000000a9a17290,0x00000000b2900000)
 Metaspace       used 85968K, capacity 89932K, committed 91416K, reserved 1128448K
  class space    used 11459K, capacity 12279K, committed 12568K, reserved 1048576K
}
Event: 40.111 GC heap before
{Heap before GC invocations=31 (full 4):
 PSYoungGen      total 313856K, used 245330K [0x00000000e0000000, 0x00000000f7d00000, 0x0000000100000000)
  eden space 241152K, 100% used [0x00000000e0000000,0x00000000eeb80000,0x00000000eeb80000)
  from space 72704K, 5% used [0x00000000f2880000,0x00000000f2c94b40,0x00000000f6f80000)
  to   space 62464K, 0% used [0x00000000eeb80000,0x00000000eeb80000,0x00000000f2880000)
 ParOldGen       total 304128K, used 157788K [0x00000000a0000000, 0x00000000b2900000, 0x00000000e0000000)
  object space 304128K, 51% used [0x00000000a0000000,0x00000000a9a17290,0x00000000b2900000)
 Metaspace       used 86068K, capacity 90076K, committed 91416K, reserved 1128448K
  class space    used 11460K, capacity 12281K, committed 12568K, reserved 1048576K
Event: 40.136 GC heap after
Heap after GC invocations=31 (full 4):
 PSYoungGen      total 303616K, used 4032K [0x00000000e0000000, 0x00000000f7d00000, 0x0000000100000000)
  eden space 241152K, 0% used [0x00000000e0000000,0x00000000e0000000,0x00000000eeb80000)
  from space 62464K, 6% used [0x00000000eeb80000,0x00000000eef70260,0x00000000f2880000)
  to   space 72704K, 0% used [0x00000000f2880000,0x00000000f2880000,0x00000000f6f80000)
 ParOldGen       total 304128K, used 160907K [0x00000000a0000000, 0x00000000b2900000, 0x00000000e0000000)
  object space 304128K, 52% used [0x00000000a0000000,0x00000000a9d22fb0,0x00000000b2900000)
 Metaspace       used 86068K, capacity 90076K, committed 91416K, reserved 1128448K
  class space    used 11460K, capacity 12281K, committed 12568K, reserved 1048576K
}

