# JRE version: OpenJDK Runtime Environment (8.0_212-b04) (build 1.8.0_212-release-1586-b04)
# Java VM: OpenJDK 64-Bit Server VM (25.212-b04 mixed mode windows-amd64 compressed oops)
Heap:
 PSYoungGen      total 457728K, used 385281K [0x00000000e0000000, 0x00000000fe880000, 0x0000000100000000)
  eden space 416256K, 88% used [0x00000000e0000000,0x00000000f69ae300,0x00000000f9680000)
  from space 41472K, 35% used [0x00000000fc000000,0x00000000fce923a8,0x00000000fe880000)
  to   space 41984K, 0% used [0x00000000f9680000,0x00000000f9680000,0x00000000fbf80000)
 ParOldGen       total 299008K, used 154339K [0x00000000a0000000, 0x00000000b2400000, 0x00000000e0000000)
  object space 299008K, 51% used [0x00000000a0000000,0x00000000a96b8c10,0x00000000b2400000)
 Metaspace       used 75438K, capacity 78492K, committed 79832K, reserved 1118208K
  class space    used 10208K, capacity 10859K, committed 11224K, reserved 1048576K
GC Heap History (10 events):
Event: 19.740 GC heap before
{Heap before GC invocations=24 (full 4):
 PSYoungGen      total 288768K, used 255483K [0x00000000e0000000, 0x00000000f6a80000, 0x0000000100000000)
  eden space 243200K, 100% used [0x00000000e0000000,0x00000000eed80000,0x00000000eed80000)
  from space 45568K, 26% used [0x00000000eed80000,0x00000000ef97ef40,0x00000000f1a00000)
  to   space 43520K, 0% used [0x00000000f4000000,0x00000000f4000000,0x00000000f6a80000)
 ParOldGen       total 299008K, used 126960K [0x00000000a0000000, 0x00000000b2400000, 0x00000000e0000000)
  object space 299008K, 42% used [0x00000000a0000000,0x00000000a7bfc0c8,0x00000000b2400000)
 Metaspace       used 74541K, capacity 77544K, committed 78936K, reserved 1118208K
  class space    used 10125K, capacity 10781K, committed 11096K, reserved 1048576K
Event: 19.767 GC heap after
Heap after GC invocations=24 (full 4):
 PSYoungGen      total 328704K, used 21189K [0x00000000e0000000, 0x00000000f6c80000, 0x0000000100000000)
  eden space 285184K, 0% used [0x00000000e0000000,0x00000000e0000000,0x00000000f1680000)
  from space 43520K, 48% used [0x00000000f4000000,0x00000000f54b1780,0x00000000f6a80000)
  to   space 42496K, 0% used [0x00000000f1680000,0x00000000f1680000,0x00000000f4000000)
 ParOldGen       total 299008K, used 126960K [0x00000000a0000000, 0x00000000b2400000, 0x00000000e0000000)
  object space 299008K, 42% used [0x00000000a0000000,0x00000000a7bfc0c8,0x00000000b2400000)
 Metaspace       used 74541K, capacity 77544K, committed 78936K, reserved 1118208K
  class space    used 10125K, capacity 10781K, committed 11096K, reserved 1048576K
}
Event: 20.250 GC heap before
{Heap before GC invocations=25 (full 4):
 PSYoungGen      total 328704K, used 306373K [0x00000000e0000000, 0x00000000f6c80000, 0x0000000100000000)
  eden space 285184K, 100% used [0x00000000e0000000,0x00000000f1680000,0x00000000f1680000)
  from space 43520K, 48% used [0x00000000f4000000,0x00000000f54b1780,0x00000000f6a80000)
  to   space 42496K, 0% used [0x00000000f1680000,0x00000000f1680000,0x00000000f4000000)
 ParOldGen       total 299008K, used 126960K [0x00000000a0000000, 0x00000000b2400000, 0x00000000e0000000)
  object space 299008K, 42% used [0x00000000a0000000,0x00000000a7bfc0c8,0x00000000b2400000)
 Metaspace       used 74622K, capacity 77624K, committed 78936K, reserved 1118208K
  class space    used 10126K, capacity 10781K, committed 11096K, reserved 1048576K
Event: 20.279 GC heap after
Heap after GC invocations=25 (full 4):
 PSYoungGen      total 327680K, used 28209K [0x00000000e0000000, 0x00000000fa400000, 0x0000000100000000)
  eden space 285184K, 0% used [0x00000000e0000000,0x00000000e0000000,0x00000000f1680000)
  from space 42496K, 66% used [0x00000000f1680000,0x00000000f320c5b8,0x00000000f4000000)
  to   space 44544K, 0% used [0x00000000f7880000,0x00000000f7880000,0x00000000fa400000)
 ParOldGen       total 299008K, used 126968K [0x00000000a0000000, 0x00000000b2400000, 0x00000000e0000000)
  object space 299008K, 42% used [0x00000000a0000000,0x00000000a7bfe0c8,0x00000000b2400000)
 Metaspace       used 74622K, capacity 77624K, committed 78936K, reserved 1118208K
  class space    used 10126K, capacity 10781K, committed 11096K, reserved 1048576K
}
Event: 20.747 GC heap before
{Heap before GC invocations=26 (full 4):
 PSYoungGen      total 327680K, used 313393K [0x00000000e0000000, 0x00000000fa400000, 0x0000000100000000)
  eden space 285184K, 100% used [0x00000000e0000000,0x00000000f1680000,0x00000000f1680000)
  from space 42496K, 66% used [0x00000000f1680000,0x00000000f320c5b8,0x00000000f4000000)
  to   space 44544K, 0% used [0x00000000f7880000,0x00000000f7880000,0x00000000fa400000)
 ParOldGen       total 299008K, used 126968K [0x00000000a0000000, 0x00000000b2400000, 0x00000000e0000000)
  object space 299008K, 42% used [0x00000000a0000000,0x00000000a7bfe0c8,0x00000000b2400000)
 Metaspace       used 74716K, capacity 77712K, committed 79192K, reserved 1118208K
  class space    used 10131K, capacity 10783K, committed 11096K, reserved 1048576K
Event: 20.791 GC heap after
Heap after GC invocations=26 (full 4):
 PSYoungGen      total 385024K, used 27481K [0x00000000e0000000, 0x00000000fab00000, 0x0000000100000000)
  eden space 340480K, 0% used [0x00000000e0000000,0x00000000e0000000,0x00000000f4c80000)
  from space 44544K, 61% used [0x00000000f7880000,0x00000000f93567d8,0x00000000fa400000)
  to   space 45056K, 0% used [0x00000000f4c80000,0x00000000f4c80000,0x00000000f7880000)
 ParOldGen       total 299008K, used 130196K [0x00000000a0000000, 0x00000000b2400000, 0x00000000e0000000)
  object space 299008K, 43% used [0x00000000a0000000,0x00000000a7f25320,0x00000000b2400000)
 Metaspace       used 74716K, capacity 77712K, committed 79192K, reserved 1118208K
  class space    used 10131K, capacity 10783K, committed 11096K, reserved 1048576K
}
Event: 21.349 GC heap before
{Heap before GC invocations=27 (full 4):
 PSYoungGen      total 385024K, used 367961K [0x00000000e0000000, 0x00000000fab00000, 0x0000000100000000)
  eden space 340480K, 100% used [0x00000000e0000000,0x00000000f4c80000,0x00000000f4c80000)
  from space 44544K, 61% used [0x00000000f7880000,0x00000000f93567d8,0x00000000fa400000)
  to   space 45056K, 0% used [0x00000000f4c80000,0x00000000f4c80000,0x00000000f7880000)
 ParOldGen       total 299008K, used 130196K [0x00000000a0000000, 0x00000000b2400000, 0x00000000e0000000)
  object space 299008K, 43% used [0x00000000a0000000,0x00000000a7f25320,0x00000000b2400000)
 Metaspace       used 75000K, capacity 78008K, committed 79320K, reserved 1118208K
  class space    used 10162K, capacity 10831K, committed 11224K, reserved 1048576K
Event: 21.383 GC heap after
Heap after GC invocations=27 (full 4):
 PSYoungGen      total 385536K, used 21733K [0x00000000e0000000, 0x00000000fea80000, 0x0000000100000000)
  eden space 340480K, 0% used [0x00000000e0000000,0x00000000e0000000,0x00000000f4c80000)
  from space 45056K, 48% used [0x00000000f4c80000,0x00000000f61b97d8,0x00000000f7880000)
  to   space 43520K, 0% used [0x00000000fc000000,0x00000000fc000000,0x00000000fea80000)
 ParOldGen       total 299008K, used 141864K [0x00000000a0000000, 0x00000000b2400000, 0x00000000e0000000)
  object space 299008K, 47% used [0x00000000a0000000,0x00000000a8a8a170,0x00000000b2400000)
 Metaspace       used 75000K, capacity 78008K, committed 79320K, reserved 1118208K
  class space    used 10162K, capacity 10831K, committed 11224K, reserved 1048576K
}
Event: 21.952 GC heap before
{Heap before GC invocations=28 (full 4):
 PSYoungGen      total 385536K, used 362213K [0x00000000e0000000, 0x00000000fea80000, 0x0000000100000000)
  eden space 340480K, 100% used [0x00000000e0000000,0x00000000f4c80000,0x00000000f4c80000)
  from space 45056K, 48% used [0x00000000f4c80000,0x00000000f61b97d8,0x00000000f7880000)
  to   space 43520K, 0% used [0x00000000fc000000,0x00000000fc000000,0x00000000fea80000)
 ParOldGen       total 299008K, used 141864K [0x00000000a0000000, 0x00000000b2400000, 0x00000000e0000000)
  object space 299008K, 47% used [0x00000000a0000000,0x00000000a8a8a170,0x00000000b2400000)
 Metaspace       used 75341K, capacity 78368K, committed 79576K, reserved 1118208K
  class space    used 10204K, capacity 10853K, committed 11224K, reserved 1048576K
Event: 21.989 GC heap after
Heap after GC invocations=28 (full 4):
 PSYoungGen      total 457728K, used 14920K [0x00000000e0000000, 0x00000000fe880000, 0x0000000100000000)
  eden space 416256K, 0% used [0x00000000e0000000,0x00000000e0000000,0x00000000f9680000)
  from space 41472K, 35% used [0x00000000fc000000,0x00000000fce923a8,0x00000000fe880000)
  to   space 41984K, 0% used [0x00000000f9680000,0x00000000f9680000,0x00000000fbf80000)
 ParOldGen       total 299008K, used 154339K [0x00000000a0000000, 0x00000000b2400000, 0x00000000e0000000)
  object space 299008K, 51% used [0x00000000a0000000,0x00000000a96b8c10,0x00000000b2400000)
 Metaspace       used 75341K, capacity 78368K, committed 79576K, reserved 1118208K
  class space    used 10204K, capacity 10853K, committed 11224K, reserved 1048576K
}

