# JRE version: OpenJDK Runtime Environment (8.0_212-b04) (build 1.8.0_212-release-1586-b04)
# Java VM: OpenJDK 64-Bit Server VM (25.212-b04 mixed mode windows-amd64 compressed oops)
Heap:
 PSYoungGen      total 375808K, used 75355K [0x00000000e0000000, 0x00000000ff280000, 0x0000000100000000)
  eden space 310784K, 20% used [0x00000000e0000000,0x00000000e3f51908,0x00000000f2f80000)
  from space 65024K, 16% used [0x00000000f2f80000,0x00000000f39c55a8,0x00000000f6f00000)
  to   space 64000K, 0% used [0x00000000fb400000,0x00000000fb400000,0x00000000ff280000)
 ParOldGen       total 296960K, used 141840K [0x00000000a0000000, 0x00000000b2200000, 0x00000000e0000000)
  object space 296960K, 47% used [0x00000000a0000000,0x00000000a8a842b0,0x00000000b2200000)
 Metaspace       used 91432K, capacity 95454K, committed 96920K, reserved 1132544K
  class space    used 12028K, capacity 12905K, committed 13224K, reserved 1048576K
GC Heap History (10 events):
Event: 53.043 GC heap before
{Heap before GC invocations=23 (full 3):
 PSYoungGen      total 257536K, used 246498K [0x00000000e0000000, 0x00000000f4700000, 0x0000000100000000)
  eden space 223744K, 100% used [0x00000000e0000000,0x00000000eda80000,0x00000000eda80000)
  from space 33792K, 67% used [0x00000000eda80000,0x00000000ef0b8b08,0x00000000efb80000)
  to   space 34816K, 0% used [0x00000000f2500000,0x00000000f2500000,0x00000000f4700000)
 ParOldGen       total 142336K, used 72496K [0x00000000a0000000, 0x00000000a8b00000, 0x00000000e0000000)
  object space 142336K, 50% used [0x00000000a0000000,0x00000000a46cc2f0,0x00000000a8b00000)
 Metaspace       used 85902K, capacity 90148K, committed 90392K, reserved 1128448K
  class space    used 11413K, capacity 12306K, committed 12328K, reserved 1048576K
Event: 53.086 GC heap after
Heap after GC invocations=23 (full 3):
 PSYoungGen      total 291328K, used 34812K [0x00000000e0000000, 0x00000000f5d00000, 0x0000000100000000)
  eden space 256512K, 0% used [0x00000000e0000000,0x00000000e0000000,0x00000000efa80000)
  from space 34816K, 99% used [0x00000000f2500000,0x00000000f46ff130,0x00000000f4700000)
  to   space 43520K, 0% used [0x00000000efa80000,0x00000000efa80000,0x00000000f2500000)
 ParOldGen       total 142336K, used 81804K [0x00000000a0000000, 0x00000000a8b00000, 0x00000000e0000000)
  object space 142336K, 57% used [0x00000000a0000000,0x00000000a4fe30c0,0x00000000a8b00000)
 Metaspace       used 85902K, capacity 90148K, committed 90392K, reserved 1128448K
  class space    used 11413K, capacity 12306K, committed 12328K, reserved 1048576K
}
Event: 54.227 GC heap before
{Heap before GC invocations=24 (full 3):
 PSYoungGen      total 291328K, used 291324K [0x00000000e0000000, 0x00000000f5d00000, 0x0000000100000000)
  eden space 256512K, 100% used [0x00000000e0000000,0x00000000efa80000,0x00000000efa80000)
  from space 34816K, 99% used [0x00000000f2500000,0x00000000f46ff130,0x00000000f4700000)
  to   space 43520K, 0% used [0x00000000efa80000,0x00000000efa80000,0x00000000f2500000)
 ParOldGen       total 142336K, used 81804K [0x00000000a0000000, 0x00000000a8b00000, 0x00000000e0000000)
  object space 142336K, 57% used [0x00000000a0000000,0x00000000a4fe30c0,0x00000000a8b00000)
 Metaspace       used 90626K, capacity 95528K, committed 95640K, reserved 1132544K
  class space    used 12110K, capacity 13114K, committed 13224K, reserved 1048576K
Event: 54.313 GC heap after
Heap after GC invocations=24 (full 3):
 PSYoungGen      total 300032K, used 43511K [0x00000000e0000000, 0x00000000fab00000, 0x0000000100000000)
  eden space 256512K, 0% used [0x00000000e0000000,0x00000000e0000000,0x00000000efa80000)
  from space 43520K, 99% used [0x00000000efa80000,0x00000000f24fdeb0,0x00000000f2500000)
  to   space 61440K, 0% used [0x00000000f6f00000,0x00000000f6f00000,0x00000000fab00000)
 ParOldGen       total 142336K, used 112298K [0x00000000a0000000, 0x00000000a8b00000, 0x00000000e0000000)
  object space 142336K, 78% used [0x00000000a0000000,0x00000000a6daab00,0x00000000a8b00000)
 Metaspace       used 90626K, capacity 95528K, committed 95640K, reserved 1132544K
  class space    used 12110K, capacity 13114K, committed 13224K, reserved 1048576K
}
Event: 55.625 GC heap before
{Heap before GC invocations=25 (full 3):
 PSYoungGen      total 300032K, used 300023K [0x00000000e0000000, 0x00000000fab00000, 0x0000000100000000)
  eden space 256512K, 100% used [0x00000000e0000000,0x00000000efa80000,0x00000000efa80000)
  from space 43520K, 99% used [0x00000000efa80000,0x00000000f24fdeb0,0x00000000f2500000)
  to   space 61440K, 0% used [0x00000000f6f00000,0x00000000f6f00000,0x00000000fab00000)
 ParOldGen       total 142336K, used 112298K [0x00000000a0000000, 0x00000000a8b00000, 0x00000000e0000000)
  object space 142336K, 78% used [0x00000000a0000000,0x00000000a6daab00,0x00000000a8b00000)
 Metaspace       used 91403K, capacity 96360K, committed 96408K, reserved 1132544K
  class space    used 12193K, capacity 13190K, committed 13224K, reserved 1048576K
Event: 55.717 GC heap after
Heap after GC invocations=25 (full 3):
 PSYoungGen      total 372224K, used 45051K [0x00000000e0000000, 0x00000000fb400000, 0x0000000100000000)
  eden space 310784K, 0% used [0x00000000e0000000,0x00000000e0000000,0x00000000f2f80000)
  from space 61440K, 73% used [0x00000000f6f00000,0x00000000f9afed18,0x00000000fab00000)
  to   space 65024K, 0% used [0x00000000f2f80000,0x00000000f2f80000,0x00000000f6f00000)
 ParOldGen       total 142336K, used 134134K [0x00000000a0000000, 0x00000000a8b00000, 0x00000000e0000000)
  object space 142336K, 94% used [0x00000000a0000000,0x00000000a82fda40,0x00000000a8b00000)
 Metaspace       used 91403K, capacity 96360K, committed 96408K, reserved 1132544K
  class space    used 12193K, capacity 13190K, committed 13224K, reserved 1048576K
}
Event: 55.717 GC heap before
{Heap before GC invocations=26 (full 4):
 PSYoungGen      total 372224K, used 45051K [0x00000000e0000000, 0x00000000fb400000, 0x0000000100000000)
  eden space 310784K, 0% used [0x00000000e0000000,0x00000000e0000000,0x00000000f2f80000)
  from space 61440K, 73% used [0x00000000f6f00000,0x00000000f9afed18,0x00000000fab00000)
  to   space 65024K, 0% used [0x00000000f2f80000,0x00000000f2f80000,0x00000000f6f00000)
 ParOldGen       total 142336K, used 134134K [0x00000000a0000000, 0x00000000a8b00000, 0x00000000e0000000)
  object space 142336K, 94% used [0x00000000a0000000,0x00000000a82fda40,0x00000000a8b00000)
 Metaspace       used 91403K, capacity 96360K, committed 96408K, reserved 1132544K
  class space    used 12193K, capacity 13190K, committed 13224K, reserved 1048576K
Event: 56.281 GC heap after
Heap after GC invocations=26 (full 4):
 PSYoungGen      total 372224K, used 0K [0x00000000e0000000, 0x00000000fb400000, 0x0000000100000000)
  eden space 310784K, 0% used [0x00000000e0000000,0x00000000e0000000,0x00000000f2f80000)
  from space 61440K, 0% used [0x00000000f6f00000,0x00000000f6f00000,0x00000000fab00000)
  to   space 65024K, 0% used [0x00000000f2f80000,0x00000000f2f80000,0x00000000f6f00000)
 ParOldGen       total 296960K, used 141840K [0x00000000a0000000, 0x00000000b2200000, 0x00000000e0000000)
  object space 296960K, 47% used [0x00000000a0000000,0x00000000a8a842b0,0x00000000b2200000)
 Metaspace       used 90856K, capacity 94832K, committed 96408K, reserved 1132544K
  class space    used 12010K, capacity 12866K, committed 13224K, reserved 1048576K
}
Event: 57.397 GC heap before
{Heap before GC invocations=27 (full 4):
 PSYoungGen      total 372224K, used 310784K [0x00000000e0000000, 0x00000000fb400000, 0x0000000100000000)
  eden space 310784K, 100% used [0x00000000e0000000,0x00000000f2f80000,0x00000000f2f80000)
  from space 61440K, 0% used [0x00000000f6f00000,0x00000000f6f00000,0x00000000fab00000)
  to   space 65024K, 0% used [0x00000000f2f80000,0x00000000f2f80000,0x00000000f6f00000)
 ParOldGen       total 296960K, used 141840K [0x00000000a0000000, 0x00000000b2200000, 0x00000000e0000000)
  object space 296960K, 47% used [0x00000000a0000000,0x00000000a8a842b0,0x00000000b2200000)
 Metaspace       used 91346K, capacity 95378K, committed 96920K, reserved 1132544K
  class space    used 12028K, capacity 12905K, committed 13224K, reserved 1048576K
Event: 57.418 GC heap after
Heap after GC invocations=27 (full 4):
 PSYoungGen      total 375808K, used 10517K [0x00000000e0000000, 0x00000000ff280000, 0x0000000100000000)
  eden space 310784K, 0% used [0x00000000e0000000,0x00000000e0000000,0x00000000f2f80000)
  from space 65024K, 16% used [0x00000000f2f80000,0x00000000f39c55a8,0x00000000f6f00000)
  to   space 64000K, 0% used [0x00000000fb400000,0x00000000fb400000,0x00000000ff280000)
 ParOldGen       total 296960K, used 141840K [0x00000000a0000000, 0x00000000b2200000, 0x00000000e0000000)
  object space 296960K, 47% used [0x00000000a0000000,0x00000000a8a842b0,0x00000000b2200000)
 Metaspace       used 91346K, capacity 95378K, committed 96920K, reserved 1132544K
  class space    used 12028K, capacity 12905K, committed 13224K, reserved 1048576K
}

