# JRE version: OpenJDK Runtime Environment (8.0_212-b04) (build 1.8.0_212-release-1586-b04)
# Java VM: OpenJDK 64-Bit Server VM (25.212-b04 mixed mode windows-amd64 compressed oops)
Heap:
 PSYoungGen      total 295936K, used 141343K [0x00000000e0000000, 0x00000000f8300000, 0x0000000100000000)
  eden space 220160K, 41% used [0x00000000e0000000,0x00000000e58324c0,0x00000000ed700000)
  from space 75776K, 67% used [0x00000000f2480000,0x00000000f5655860,0x00000000f6e80000)
  to   space 79360K, 0% used [0x00000000ed700000,0x00000000ed700000,0x00000000f2480000)
 ParOldGen       total 302592K, used 150021K [0x00000000a0000000, 0x00000000b2780000, 0x00000000e0000000)
  object space 302592K, 49% used [0x00000000a0000000,0x00000000a9281628,0x00000000b2780000)
 Metaspace       used 91899K, capacity 95930K, committed 96152K, reserved 1132544K
  class space    used 12266K, capacity 13116K, committed 13224K, reserved 1048576K
GC Heap History (10 events):
Event: 43.463 GC heap before
{Heap before GC invocations=20 (full 4):
 PSYoungGen      total 201216K, used 27641K [0x00000000e0000000, 0x00000000f4f80000, 0x0000000100000000)
  eden space 173568K, 0% used [0x00000000e0000000,0x00000000e0000000,0x00000000ea980000)
  from space 27648K, 99% used [0x00000000ee380000,0x00000000efe7e758,0x00000000efe80000)
  to   space 59392K, 0% used [0x00000000ea980000,0x00000000ea980000,0x00000000ee380000)
 ParOldGen       total 140288K, used 115477K [0x00000000a0000000, 0x00000000a8900000, 0x00000000e0000000)
  object space 140288K, 82% used [0x00000000a0000000,0x00000000a70c5490,0x00000000a8900000)
 Metaspace       used 77682K, capacity 81498K, committed 81688K, reserved 1120256K
  class space    used 10496K, capacity 11260K, committed 11304K, reserved 1048576K
Event: 44.274 GC heap after
Heap after GC invocations=20 (full 4):
 PSYoungGen      total 201216K, used 0K [0x00000000e0000000, 0x00000000f4f80000, 0x0000000100000000)
  eden space 173568K, 0% used [0x00000000e0000000,0x00000000e0000000,0x00000000ea980000)
  from space 27648K, 0% used [0x00000000ee380000,0x00000000ee380000,0x00000000efe80000)
  to   space 59392K, 0% used [0x00000000ea980000,0x00000000ea980000,0x00000000ee380000)
 ParOldGen       total 302592K, used 133527K [0x00000000a0000000, 0x00000000b2780000, 0x00000000e0000000)
  object space 302592K, 44% used [0x00000000a0000000,0x00000000a8265ff8,0x00000000b2780000)
 Metaspace       used 77315K, capacity 80462K, committed 81688K, reserved 1120256K
  class space    used 10376K, capacity 11048K, committed 11304K, reserved 1048576K
}
Event: 46.551 GC heap before
{Heap before GC invocations=21 (full 4):
 PSYoungGen      total 201216K, used 173568K [0x00000000e0000000, 0x00000000f4f80000, 0x0000000100000000)
  eden space 173568K, 100% used [0x00000000e0000000,0x00000000ea980000,0x00000000ea980000)
  from space 27648K, 0% used [0x00000000ee380000,0x00000000ee380000,0x00000000efe80000)
  to   space 59392K, 0% used [0x00000000ea980000,0x00000000ea980000,0x00000000ee380000)
 ParOldGen       total 302592K, used 133527K [0x00000000a0000000, 0x00000000b2780000, 0x00000000e0000000)
  object space 302592K, 44% used [0x00000000a0000000,0x00000000a8265ff8,0x00000000b2780000)
 Metaspace       used 79121K, capacity 82428K, committed 83480K, reserved 1122304K
  class space    used 10603K, capacity 11293K, committed 11560K, reserved 1048576K
Event: 46.576 GC heap after
Heap after GC invocations=21 (full 4):
 PSYoungGen      total 232960K, used 36388K [0x00000000e0000000, 0x00000000f3d80000, 0x0000000100000000)
  eden space 173568K, 0% used [0x00000000e0000000,0x00000000e0000000,0x00000000ea980000)
  from space 59392K, 61% used [0x00000000ea980000,0x00000000ecd092d8,0x00000000ee380000)
  to   space 60928K, 0% used [0x00000000f0200000,0x00000000f0200000,0x00000000f3d80000)
 ParOldGen       total 302592K, used 133535K [0x00000000a0000000, 0x00000000b2780000, 0x00000000e0000000)
  object space 302592K, 44% used [0x00000000a0000000,0x00000000a8267ff8,0x00000000b2780000)
 Metaspace       used 79121K, capacity 82428K, committed 83480K, reserved 1122304K
  class space    used 10603K, capacity 11293K, committed 11560K, reserved 1048576K
}
Event: 48.569 GC heap before
{Heap before GC invocations=22 (full 4):
 PSYoungGen      total 232960K, used 208638K [0x00000000e0000000, 0x00000000f3d80000, 0x0000000100000000)
  eden space 173568K, 99% used [0x00000000e0000000,0x00000000ea836818,0x00000000ea980000)
  from space 59392K, 61% used [0x00000000ea980000,0x00000000ecd092d8,0x00000000ee380000)
  to   space 60928K, 0% used [0x00000000f0200000,0x00000000f0200000,0x00000000f3d80000)
 ParOldGen       total 302592K, used 149929K [0x00000000a0000000, 0x00000000b2780000, 0x00000000e0000000)
  object space 302592K, 49% used [0x00000000a0000000,0x00000000a926a700,0x00000000b2780000)
 Metaspace       used 82846K, capacity 86522K, committed 86936K, reserved 1124352K
  class space    used 11092K, capacity 11844K, committed 11944K, reserved 1048576K
Event: 48.609 GC heap after
Heap after GC invocations=22 (full 4):
 PSYoungGen      total 256512K, used 53656K [0x00000000e0000000, 0x00000000f4c00000, 0x0000000100000000)
  eden space 195584K, 0% used [0x00000000e0000000,0x00000000e0000000,0x00000000ebf00000)
  from space 60928K, 88% used [0x00000000f0200000,0x00000000f3666338,0x00000000f3d80000)
  to   space 68608K, 0% used [0x00000000ebf00000,0x00000000ebf00000,0x00000000f0200000)
 ParOldGen       total 302592K, used 149937K [0x00000000a0000000, 0x00000000b2780000, 0x00000000e0000000)
  object space 302592K, 49% used [0x00000000a0000000,0x00000000a926c700,0x00000000b2780000)
 Metaspace       used 82846K, capacity 86522K, committed 86936K, reserved 1124352K
  class space    used 11092K, capacity 11844K, committed 11944K, reserved 1048576K
}
Event: 101.551 GC heap before
{Heap before GC invocations=23 (full 4):
 PSYoungGen      total 256512K, used 249240K [0x00000000e0000000, 0x00000000f4c00000, 0x0000000100000000)
  eden space 195584K, 100% used [0x00000000e0000000,0x00000000ebf00000,0x00000000ebf00000)
  from space 60928K, 88% used [0x00000000f0200000,0x00000000f3666338,0x00000000f3d80000)
  to   space 68608K, 0% used [0x00000000ebf00000,0x00000000ebf00000,0x00000000f0200000)
 ParOldGen       total 302592K, used 149941K [0x00000000a0000000, 0x00000000b2780000, 0x00000000e0000000)
  object space 302592K, 49% used [0x00000000a0000000,0x00000000a926d618,0x00000000b2780000)
 Metaspace       used 89487K, capacity 93268K, committed 93464K, reserved 1130496K
  class space    used 11932K, capacity 12713K, committed 12840K, reserved 1048576K
Event: 101.599 GC heap after
Heap after GC invocations=23 (full 4):
 PSYoungGen      total 264192K, used 57529K [0x00000000e0000000, 0x00000000f6e80000, 0x0000000100000000)
  eden space 195584K, 0% used [0x00000000e0000000,0x00000000e0000000,0x00000000ebf00000)
  from space 68608K, 83% used [0x00000000ebf00000,0x00000000ef72e778,0x00000000f0200000)
  to   space 75776K, 0% used [0x00000000f2480000,0x00000000f2480000,0x00000000f6e80000)
 ParOldGen       total 302592K, used 149949K [0x00000000a0000000, 0x00000000b2780000, 0x00000000e0000000)
  object space 302592K, 49% used [0x00000000a0000000,0x00000000a926f618,0x00000000b2780000)
 Metaspace       used 89487K, capacity 93268K, committed 93464K, reserved 1130496K
  class space    used 11932K, capacity 12713K, committed 12840K, reserved 1048576K
}
Event: 102.275 GC heap before
{Heap before GC invocations=24 (full 4):
 PSYoungGen      total 264192K, used 253110K [0x00000000e0000000, 0x00000000f6e80000, 0x0000000100000000)
  eden space 195584K, 99% used [0x00000000e0000000,0x00000000ebeff188,0x00000000ebf00000)
  from space 68608K, 83% used [0x00000000ebf00000,0x00000000ef72e778,0x00000000f0200000)
  to   space 75776K, 0% used [0x00000000f2480000,0x00000000f2480000,0x00000000f6e80000)
 ParOldGen       total 302592K, used 150013K [0x00000000a0000000, 0x00000000b2780000, 0x00000000e0000000)
  object space 302592K, 49% used [0x00000000a0000000,0x00000000a927f628,0x00000000b2780000)
 Metaspace       used 89913K, capacity 93728K, committed 93976K, reserved 1130496K
  class space    used 11962K, capacity 12753K, committed 12840K, reserved 1048576K
Event: 102.341 GC heap after
Heap after GC invocations=24 (full 4):
 PSYoungGen      total 295936K, used 51030K [0x00000000e0000000, 0x00000000f8300000, 0x0000000100000000)
  eden space 220160K, 0% used [0x00000000e0000000,0x00000000e0000000,0x00000000ed700000)
  from space 75776K, 67% used [0x00000000f2480000,0x00000000f5655860,0x00000000f6e80000)
  to   space 79360K, 0% used [0x00000000ed700000,0x00000000ed700000,0x00000000f2480000)
 ParOldGen       total 302592K, used 150021K [0x00000000a0000000, 0x00000000b2780000, 0x00000000e0000000)
  object space 302592K, 49% used [0x00000000a0000000,0x00000000a9281628,0x00000000b2780000)
 Metaspace       used 89913K, capacity 93728K, committed 93976K, reserved 1130496K
  class space    used 11962K, capacity 12753K, committed 12840K, reserved 1048576K
}

