# JRE version: OpenJDK Runtime Environment (8.0_212-b04) (build 1.8.0_212-release-1586-b04)
# Java VM: OpenJDK 64-Bit Server VM (25.212-b04 mixed mode windows-amd64 compressed oops)
Heap:
 PSYoungGen      total 419840K, used 354183K [0x00000000e0000000, 0x00000000fdd00000, 0x0000000100000000)
  eden space 396800K, 85% used [0x00000000e0000000,0x00000000f4a61ef8,0x00000000f8380000)
  from space 23040K, 68% used [0x00000000f8380000,0x00000000f92fff58,0x00000000f9a00000)
  to   space 24064K, 0% used [0x00000000fc580000,0x00000000fc580000,0x00000000fdd00000)
 ParOldGen       total 232448K, used 91243K [0x00000000a0000000, 0x00000000ae300000, 0x00000000e0000000)
  object space 232448K, 39% used [0x00000000a0000000,0x00000000a591ae38,0x00000000ae300000)
 Metaspace       used 72020K, capacity 75236K, committed 76712K, reserved 1116160K
  class space    used 9706K, capacity 10331K, committed 10664K, reserved 1048576K
GC Heap History (10 events):
Event: 28.149 GC heap before
{Heap before GC invocations=35 (full 4):
 PSYoungGen      total 367616K, used 4174K [0x00000000e0000000, 0x00000000fb200000, 0x0000000100000000)
  eden space 342016K, 0% used [0x00000000e0000000,0x00000000e0000000,0x00000000f4e00000)
  from space 25600K, 16% used [0x00000000f4e00000,0x00000000f5213b00,0x00000000f6700000)
  to   space 24576K, 0% used [0x00000000f9a00000,0x00000000f9a00000,0x00000000fb200000)
 ParOldGen       total 143360K, used 131039K [0x00000000a0000000, 0x00000000a8c00000, 0x00000000e0000000)
  object space 143360K, 91% used [0x00000000a0000000,0x00000000a7ff7f18,0x00000000a8c00000)
 Metaspace       used 71296K, capacity 75473K, committed 75688K, reserved 1114112K
  class space    used 9772K, capacity 10554K, committed 10664K, reserved 1048576K
Event: 28.466 GC heap after
Heap after GC invocations=35 (full 4):
 PSYoungGen      total 367616K, used 0K [0x00000000e0000000, 0x00000000fb200000, 0x0000000100000000)
  eden space 342016K, 0% used [0x00000000e0000000,0x00000000e0000000,0x00000000f4e00000)
  from space 25600K, 0% used [0x00000000f4e00000,0x00000000f4e00000,0x00000000f6700000)
  to   space 24576K, 0% used [0x00000000f9a00000,0x00000000f9a00000,0x00000000fb200000)
 ParOldGen       total 232448K, used 84080K [0x00000000a0000000, 0x00000000ae300000, 0x00000000e0000000)
  object space 232448K, 36% used [0x00000000a0000000,0x00000000a521c168,0x00000000ae300000)
 Metaspace       used 70657K, capacity 73702K, committed 75688K, reserved 1114112K
  class space    used 9555K, capacity 10170K, committed 10664K, reserved 1048576K
}
Event: 29.245 GC heap before
{Heap before GC invocations=36 (full 4):
 PSYoungGen      total 367616K, used 342016K [0x00000000e0000000, 0x00000000fb200000, 0x0000000100000000)
  eden space 342016K, 100% used [0x00000000e0000000,0x00000000f4e00000,0x00000000f4e00000)
  from space 25600K, 0% used [0x00000000f4e00000,0x00000000f4e00000,0x00000000f6700000)
  to   space 24576K, 0% used [0x00000000f9a00000,0x00000000f9a00000,0x00000000fb200000)
 ParOldGen       total 232448K, used 84082K [0x00000000a0000000, 0x00000000ae300000, 0x00000000e0000000)
  object space 232448K, 36% used [0x00000000a0000000,0x00000000a521c9e8,0x00000000ae300000)
 Metaspace       used 70743K, capacity 73800K, committed 75688K, reserved 1114112K
  class space    used 9559K, capacity 10175K, committed 10664K, reserved 1048576K
Event: 29.263 GC heap after
Heap after GC invocations=36 (full 4):
 PSYoungGen      total 410624K, used 9790K [0x00000000e0000000, 0x00000000fac80000, 0x0000000100000000)
  eden space 391680K, 0% used [0x00000000e0000000,0x00000000e0000000,0x00000000f7e80000)
  from space 18944K, 51% used [0x00000000f9a00000,0x00000000fa38f830,0x00000000fac80000)
  to   space 23552K, 0% used [0x00000000f7e80000,0x00000000f7e80000,0x00000000f9580000)
 ParOldGen       total 232448K, used 84082K [0x00000000a0000000, 0x00000000ae300000, 0x00000000e0000000)
  object space 232448K, 36% used [0x00000000a0000000,0x00000000a521c9e8,0x00000000ae300000)
 Metaspace       used 70743K, capacity 73800K, committed 75688K, reserved 1114112K
  class space    used 9559K, capacity 10175K, committed 10664K, reserved 1048576K
}
Event: 30.044 GC heap before
{Heap before GC invocations=37 (full 4):
 PSYoungGen      total 410624K, used 401470K [0x00000000e0000000, 0x00000000fac80000, 0x0000000100000000)
  eden space 391680K, 100% used [0x00000000e0000000,0x00000000f7e80000,0x00000000f7e80000)
  from space 18944K, 51% used [0x00000000f9a00000,0x00000000fa38f830,0x00000000fac80000)
  to   space 23552K, 0% used [0x00000000f7e80000,0x00000000f7e80000,0x00000000f9580000)
 ParOldGen       total 232448K, used 84082K [0x00000000a0000000, 0x00000000ae300000, 0x00000000e0000000)
  object space 232448K, 36% used [0x00000000a0000000,0x00000000a521c9e8,0x00000000ae300000)
 Metaspace       used 71301K, capacity 74380K, committed 76200K, reserved 1114112K
  class space    used 9624K, capacity 10261K, committed 10664K, reserved 1048576K
Event: 30.074 GC heap after
Heap after GC invocations=37 (full 4):
 PSYoungGen      total 415232K, used 12459K [0x00000000e0000000, 0x00000000fac80000, 0x0000000100000000)
  eden space 391680K, 0% used [0x00000000e0000000,0x00000000e0000000,0x00000000f7e80000)
  from space 23552K, 52% used [0x00000000f7e80000,0x00000000f8aaaeb8,0x00000000f9580000)
  to   space 18944K, 0% used [0x00000000f9a00000,0x00000000f9a00000,0x00000000fac80000)
 ParOldGen       total 232448K, used 91227K [0x00000000a0000000, 0x00000000ae300000, 0x00000000e0000000)
  object space 232448K, 39% used [0x00000000a0000000,0x00000000a5916e38,0x00000000ae300000)
 Metaspace       used 71301K, capacity 74380K, committed 76200K, reserved 1114112K
  class space    used 9624K, capacity 10261K, committed 10664K, reserved 1048576K
}
Event: 31.280 GC heap before
{Heap before GC invocations=38 (full 4):
 PSYoungGen      total 415232K, used 404139K [0x00000000e0000000, 0x00000000fac80000, 0x0000000100000000)
  eden space 391680K, 100% used [0x00000000e0000000,0x00000000f7e80000,0x00000000f7e80000)
  from space 23552K, 52% used [0x00000000f7e80000,0x00000000f8aaaeb8,0x00000000f9580000)
  to   space 18944K, 0% used [0x00000000f9a00000,0x00000000f9a00000,0x00000000fac80000)
 ParOldGen       total 232448K, used 91227K [0x00000000a0000000, 0x00000000ae300000, 0x00000000e0000000)
  object space 232448K, 39% used [0x00000000a0000000,0x00000000a5916e38,0x00000000ae300000)
 Metaspace       used 71911K, capacity 75090K, committed 76712K, reserved 1116160K
  class space    used 9700K, capacity 10328K, committed 10664K, reserved 1048576K
Event: 31.294 GC heap after
Heap after GC invocations=38 (full 4):
 PSYoungGen      total 415744K, used 11762K [0x00000000e0000000, 0x00000000fd500000, 0x0000000100000000)
  eden space 396800K, 0% used [0x00000000e0000000,0x00000000e0000000,0x00000000f8380000)
  from space 18944K, 62% used [0x00000000f9a00000,0x00000000fa57ca90,0x00000000fac80000)
  to   space 23040K, 0% used [0x00000000f8380000,0x00000000f8380000,0x00000000f9a00000)
 ParOldGen       total 232448K, used 91235K [0x00000000a0000000, 0x00000000ae300000, 0x00000000e0000000)
  object space 232448K, 39% used [0x00000000a0000000,0x00000000a5918e38,0x00000000ae300000)
 Metaspace       used 71911K, capacity 75090K, committed 76712K, reserved 1116160K
  class space    used 9700K, capacity 10328K, committed 10664K, reserved 1048576K
}
Event: 32.083 GC heap before
{Heap before GC invocations=39 (full 4):
 PSYoungGen      total 415744K, used 408562K [0x00000000e0000000, 0x00000000fd500000, 0x0000000100000000)
  eden space 396800K, 100% used [0x00000000e0000000,0x00000000f8380000,0x00000000f8380000)
  from space 18944K, 62% used [0x00000000f9a00000,0x00000000fa57ca90,0x00000000fac80000)
  to   space 23040K, 0% used [0x00000000f8380000,0x00000000f8380000,0x00000000f9a00000)
 ParOldGen       total 232448K, used 91235K [0x00000000a0000000, 0x00000000ae300000, 0x00000000e0000000)
  object space 232448K, 39% used [0x00000000a0000000,0x00000000a5918e38,0x00000000ae300000)
 Metaspace       used 71960K, capacity 75154K, committed 76712K, reserved 1116160K
  class space    used 9703K, capacity 10328K, committed 10664K, reserved 1048576K
Event: 32.107 GC heap after
Heap after GC invocations=39 (full 4):
 PSYoungGen      total 419840K, used 15871K [0x00000000e0000000, 0x00000000fdd00000, 0x0000000100000000)
  eden space 396800K, 0% used [0x00000000e0000000,0x00000000e0000000,0x00000000f8380000)
  from space 23040K, 68% used [0x00000000f8380000,0x00000000f92fff58,0x00000000f9a00000)
  to   space 24064K, 0% used [0x00000000fc580000,0x00000000fc580000,0x00000000fdd00000)
 ParOldGen       total 232448K, used 91243K [0x00000000a0000000, 0x00000000ae300000, 0x00000000e0000000)
  object space 232448K, 39% used [0x00000000a0000000,0x00000000a591ae38,0x00000000ae300000)
 Metaspace       used 71960K, capacity 75154K, committed 76712K, reserved 1116160K
  class space    used 9703K, capacity 10328K, committed 10664K, reserved 1048576K
}

