# JRE version: OpenJDK Runtime Environment (8.0_212-b04) (build 1.8.0_212-release-1586-b04)
# Java VM: OpenJDK 64-Bit Server VM (25.212-b04 mixed mode windows-amd64 compressed oops)
Heap:
 PSYoungGen      total 485888K, used 297377K [0x00000000e0000000, 0x00000000ffd00000, 0x0000000100000000)
  eden space 453632K, 63% used [0x00000000e0000000,0x00000000f187c030,0x00000000fbb00000)
  from space 32256K, 31% used [0x00000000fdd80000,0x00000000fe76c630,0x00000000ffd00000)
  to   space 33792K, 0% used [0x00000000fbb00000,0x00000000fbb00000,0x00000000fdc00000)
 ParOldGen       total 294912K, used 159124K [0x00000000a0000000, 0x00000000b2000000, 0x00000000e0000000)
  object space 294912K, 53% used [0x00000000a0000000,0x00000000a9b65038,0x00000000b2000000)
 Metaspace       used 89555K, capacity 93540K, committed 94488K, reserved 1130496K
  class space    used 11790K, capacity 12573K, committed 12840K, reserved 1048576K
GC Heap History (10 events):
Event: 39.067 GC heap before
{Heap before GC invocations=28 (full 4):
 PSYoungGen      total 356352K, used 332092K [0x00000000e0000000, 0x00000000fc100000, 0x0000000100000000)
  eden space 314880K, 100% used [0x00000000e0000000,0x00000000f3380000,0x00000000f3380000)
  from space 41472K, 41% used [0x00000000f3380000,0x00000000f444f0d0,0x00000000f5c00000)
  to   space 39424K, 0% used [0x00000000f9a80000,0x00000000f9a80000,0x00000000fc100000)
 ParOldGen       total 294912K, used 131345K [0x00000000a0000000, 0x00000000b2000000, 0x00000000e0000000)
  object space 294912K, 44% used [0x00000000a0000000,0x00000000a8044618,0x00000000b2000000)
 Metaspace       used 88818K, capacity 92756K, committed 93976K, reserved 1130496K
  class space    used 11736K, capacity 12483K, committed 12840K, reserved 1048576K
Event: 39.096 GC heap after
Heap after GC invocations=28 (full 4):
 PSYoungGen      total 419328K, used 15889K [0x00000000e0000000, 0x00000000fbe80000, 0x0000000100000000)
  eden space 382464K, 0% used [0x00000000e0000000,0x00000000e0000000,0x00000000f7580000)
  from space 36864K, 43% used [0x00000000f9a80000,0x00000000faa04640,0x00000000fbe80000)
  to   space 37376K, 0% used [0x00000000f7580000,0x00000000f7580000,0x00000000f9a00000)
 ParOldGen       total 294912K, used 134485K [0x00000000a0000000, 0x00000000b2000000, 0x00000000e0000000)
  object space 294912K, 45% used [0x00000000a0000000,0x00000000a8355590,0x00000000b2000000)
 Metaspace       used 88818K, capacity 92756K, committed 93976K, reserved 1130496K
  class space    used 11736K, capacity 12483K, committed 12840K, reserved 1048576K
}
Event: 39.700 GC heap before
{Heap before GC invocations=29 (full 4):
 PSYoungGen      total 419328K, used 398353K [0x00000000e0000000, 0x00000000fbe80000, 0x0000000100000000)
  eden space 382464K, 100% used [0x00000000e0000000,0x00000000f7580000,0x00000000f7580000)
  from space 36864K, 43% used [0x00000000f9a80000,0x00000000faa04640,0x00000000fbe80000)
  to   space 37376K, 0% used [0x00000000f7580000,0x00000000f7580000,0x00000000f9a00000)
 ParOldGen       total 294912K, used 134485K [0x00000000a0000000, 0x00000000b2000000, 0x00000000e0000000)
  object space 294912K, 45% used [0x00000000a0000000,0x00000000a8355590,0x00000000b2000000)
 Metaspace       used 88939K, capacity 92914K, committed 94232K, reserved 1130496K
  class space    used 11739K, capacity 12488K, committed 12840K, reserved 1048576K
Event: 39.728 GC heap after
Heap after GC invocations=29 (full 4):
 PSYoungGen      total 419840K, used 10967K [0x00000000e0000000, 0x00000000ff900000, 0x0000000100000000)
  eden space 382464K, 0% used [0x00000000e0000000,0x00000000e0000000,0x00000000f7580000)
  from space 37376K, 29% used [0x00000000f7580000,0x00000000f8035c98,0x00000000f9a00000)
  to   space 36352K, 0% used [0x00000000fd580000,0x00000000fd580000,0x00000000ff900000)
 ParOldGen       total 294912K, used 142570K [0x00000000a0000000, 0x00000000b2000000, 0x00000000e0000000)
  object space 294912K, 48% used [0x00000000a0000000,0x00000000a8b3aa48,0x00000000b2000000)
 Metaspace       used 88939K, capacity 92914K, committed 94232K, reserved 1130496K
  class space    used 11739K, capacity 12488K, committed 12840K, reserved 1048576K
}
Event: 40.316 GC heap before
{Heap before GC invocations=30 (full 4):
 PSYoungGen      total 419840K, used 393431K [0x00000000e0000000, 0x00000000ff900000, 0x0000000100000000)
  eden space 382464K, 100% used [0x00000000e0000000,0x00000000f7580000,0x00000000f7580000)
  from space 37376K, 29% used [0x00000000f7580000,0x00000000f8035c98,0x00000000f9a00000)
  to   space 36352K, 0% used [0x00000000fd580000,0x00000000fd580000,0x00000000ff900000)
 ParOldGen       total 294912K, used 142570K [0x00000000a0000000, 0x00000000b2000000, 0x00000000e0000000)
  object space 294912K, 48% used [0x00000000a0000000,0x00000000a8b3aa48,0x00000000b2000000)
 Metaspace       used 89017K, capacity 92918K, committed 94232K, reserved 1130496K
  class space    used 11739K, capacity 12488K, committed 12840K, reserved 1048576K
Event: 40.338 GC heap after
Heap after GC invocations=30 (full 4):
 PSYoungGen      total 476672K, used 8448K [0x00000000e0000000, 0x00000000ff600000, 0x0000000100000000)
  eden space 443392K, 0% used [0x00000000e0000000,0x00000000e0000000,0x00000000fb100000)
  from space 33280K, 25% used [0x00000000fd580000,0x00000000fddc0308,0x00000000ff600000)
  to   space 35328K, 0% used [0x00000000fb100000,0x00000000fb100000,0x00000000fd380000)
 ParOldGen       total 294912K, used 148226K [0x00000000a0000000, 0x00000000b2000000, 0x00000000e0000000)
  object space 294912K, 50% used [0x00000000a0000000,0x00000000a90c0b50,0x00000000b2000000)
 Metaspace       used 89017K, capacity 92918K, committed 94232K, reserved 1130496K
  class space    used 11739K, capacity 12488K, committed 12840K, reserved 1048576K
}
Event: 41.250 GC heap before
{Heap before GC invocations=31 (full 4):
 PSYoungGen      total 476672K, used 451840K [0x00000000e0000000, 0x00000000ff600000, 0x0000000100000000)
  eden space 443392K, 100% used [0x00000000e0000000,0x00000000fb100000,0x00000000fb100000)
  from space 33280K, 25% used [0x00000000fd580000,0x00000000fddc0308,0x00000000ff600000)
  to   space 35328K, 0% used [0x00000000fb100000,0x00000000fb100000,0x00000000fd380000)
 ParOldGen       total 294912K, used 148226K [0x00000000a0000000, 0x00000000b2000000, 0x00000000e0000000)
  object space 294912K, 50% used [0x00000000a0000000,0x00000000a90c0b50,0x00000000b2000000)
 Metaspace       used 89376K, capacity 93388K, committed 94488K, reserved 1130496K
  class space    used 11784K, capacity 12569K, committed 12840K, reserved 1048576K
Event: 41.273 GC heap after
Heap after GC invocations=31 (full 4):
 PSYoungGen      total 478720K, used 5682K [0x00000000e0000000, 0x0000000100000000, 0x0000000100000000)
  eden space 443392K, 0% used [0x00000000e0000000,0x00000000e0000000,0x00000000fb100000)
  from space 35328K, 16% used [0x00000000fb100000,0x00000000fb68cae8,0x00000000fd380000)
  to   space 35328K, 0% used [0x00000000fdd80000,0x00000000fdd80000,0x0000000100000000)
 ParOldGen       total 294912K, used 154878K [0x00000000a0000000, 0x00000000b2000000, 0x00000000e0000000)
  object space 294912K, 52% used [0x00000000a0000000,0x00000000a973fa10,0x00000000b2000000)
 Metaspace       used 89376K, capacity 93388K, committed 94488K, reserved 1130496K
  class space    used 11784K, capacity 12569K, committed 12840K, reserved 1048576K
}
Event: 42.193 GC heap before
{Heap before GC invocations=32 (full 4):
 PSYoungGen      total 478720K, used 449074K [0x00000000e0000000, 0x0000000100000000, 0x0000000100000000)
  eden space 443392K, 100% used [0x00000000e0000000,0x00000000fb100000,0x00000000fb100000)
  from space 35328K, 16% used [0x00000000fb100000,0x00000000fb68cae8,0x00000000fd380000)
  to   space 35328K, 0% used [0x00000000fdd80000,0x00000000fdd80000,0x0000000100000000)
 ParOldGen       total 294912K, used 154878K [0x00000000a0000000, 0x00000000b2000000, 0x00000000e0000000)
  object space 294912K, 52% used [0x00000000a0000000,0x00000000a973fa10,0x00000000b2000000)
 Metaspace       used 89535K, capacity 93540K, committed 94488K, reserved 1130496K
  class space    used 11790K, capacity 12573K, committed 12840K, reserved 1048576K
Event: 42.216 GC heap after
Heap after GC invocations=32 (full 4):
 PSYoungGen      total 485888K, used 10161K [0x00000000e0000000, 0x00000000ffd00000, 0x0000000100000000)
  eden space 453632K, 0% used [0x00000000e0000000,0x00000000e0000000,0x00000000fbb00000)
  from space 32256K, 31% used [0x00000000fdd80000,0x00000000fe76c630,0x00000000ffd00000)
  to   space 33792K, 0% used [0x00000000fbb00000,0x00000000fbb00000,0x00000000fdc00000)
 ParOldGen       total 294912K, used 159124K [0x00000000a0000000, 0x00000000b2000000, 0x00000000e0000000)
  object space 294912K, 53% used [0x00000000a0000000,0x00000000a9b65038,0x00000000b2000000)
 Metaspace       used 89535K, capacity 93540K, committed 94488K, reserved 1130496K
  class space    used 11790K, capacity 12573K, committed 12840K, reserved 1048576K
}

