# JRE version: OpenJDK Runtime Environment (8.0_212-b04) (build 1.8.0_212-release-1586-b04)
# Java VM: OpenJDK 64-Bit Server VM (25.212-b04 mixed mode windows-amd64 compressed oops)
Heap:
 PSYoungGen      total 412160K, used 333921K [0x00000000e0000000, 0x00000000fbc80000, 0x0000000100000000)
  eden space 369152K, 83% used [0x00000000e0000000,0x00000000f2c80e88,0x00000000f6880000)
  from space 43008K, 60% used [0x00000000f6880000,0x00000000f82175c0,0x00000000f9280000)
  to   space 43008K, 0% used [0x00000000f9280000,0x00000000f9280000,0x00000000fbc80000)
 ParOldGen       total 318464K, used 180621K [0x00000000a0000000, 0x00000000b3700000, 0x00000000e0000000)
  object space 318464K, 56% used [0x00000000a0000000,0x00000000ab0636d0,0x00000000b3700000)
 Metaspace       used 78078K, capacity 81410K, committed 82648K, reserved 1120256K
  class space    used 10539K, capacity 11262K, committed 11736K, reserved 1048576K
GC Heap History (10 events):
Event: 24.797 GC heap before
{Heap before GC invocations=29 (full 4):
 PSYoungGen      total 412160K, used 382946K [0x00000000e0000000, 0x00000000fbc80000, 0x0000000100000000)
  eden space 369152K, 100% used [0x00000000e0000000,0x00000000f6880000,0x00000000f6880000)
  from space 43008K, 32% used [0x00000000f9280000,0x00000000f9ff8880,0x00000000fbc80000)
  to   space 43008K, 0% used [0x00000000f6880000,0x00000000f6880000,0x00000000f9280000)
 ParOldGen       total 318464K, used 172966K [0x00000000a0000000, 0x00000000b3700000, 0x00000000e0000000)
  object space 318464K, 54% used [0x00000000a0000000,0x00000000aa8e9aa0,0x00000000b3700000)
 Metaspace       used 77123K, capacity 80414K, committed 81752K, reserved 1120256K
  class space    used 10457K, capacity 11146K, committed 11608K, reserved 1048576K
Event: 24.827 GC heap after
Heap after GC invocations=29 (full 4):
 PSYoungGen      total 412160K, used 10951K [0x00000000e0000000, 0x00000000fbc80000, 0x0000000100000000)
  eden space 369152K, 0% used [0x00000000e0000000,0x00000000e0000000,0x00000000f6880000)
  from space 43008K, 25% used [0x00000000f6880000,0x00000000f7331ce0,0x00000000f9280000)
  to   space 43008K, 0% used [0x00000000f9280000,0x00000000f9280000,0x00000000fbc80000)
 ParOldGen       total 318464K, used 180597K [0x00000000a0000000, 0x00000000b3700000, 0x00000000e0000000)
  object space 318464K, 56% used [0x00000000a0000000,0x00000000ab05d6d0,0x00000000b3700000)
 Metaspace       used 77123K, capacity 80414K, committed 81752K, reserved 1120256K
  class space    used 10457K, capacity 11146K, committed 11608K, reserved 1048576K
}
Event: 25.537 GC heap before
{Heap before GC invocations=30 (full 4):
 PSYoungGen      total 412160K, used 380103K [0x00000000e0000000, 0x00000000fbc80000, 0x0000000100000000)
  eden space 369152K, 100% used [0x00000000e0000000,0x00000000f6880000,0x00000000f6880000)
  from space 43008K, 25% used [0x00000000f6880000,0x00000000f7331ce0,0x00000000f9280000)
  to   space 43008K, 0% used [0x00000000f9280000,0x00000000f9280000,0x00000000fbc80000)
 ParOldGen       total 318464K, used 180597K [0x00000000a0000000, 0x00000000b3700000, 0x00000000e0000000)
  object space 318464K, 56% used [0x00000000a0000000,0x00000000ab05d6d0,0x00000000b3700000)
 Metaspace       used 77309K, capacity 80584K, committed 82008K, reserved 1120256K
  class space    used 10473K, capacity 11153K, committed 11608K, reserved 1048576K
Event: 25.561 GC heap after
Heap after GC invocations=30 (full 4):
 PSYoungGen      total 412160K, used 16605K [0x00000000e0000000, 0x00000000fbc80000, 0x0000000100000000)
  eden space 369152K, 0% used [0x00000000e0000000,0x00000000e0000000,0x00000000f6880000)
  from space 43008K, 38% used [0x00000000f9280000,0x00000000fa2b7670,0x00000000fbc80000)
  to   space 43008K, 0% used [0x00000000f6880000,0x00000000f6880000,0x00000000f9280000)
 ParOldGen       total 318464K, used 180605K [0x00000000a0000000, 0x00000000b3700000, 0x00000000e0000000)
  object space 318464K, 56% used [0x00000000a0000000,0x00000000ab05f6d0,0x00000000b3700000)
 Metaspace       used 77309K, capacity 80584K, committed 82008K, reserved 1120256K
  class space    used 10473K, capacity 11153K, committed 11608K, reserved 1048576K
}
Event: 26.509 GC heap before
{Heap before GC invocations=31 (full 4):
 PSYoungGen      total 412160K, used 385757K [0x00000000e0000000, 0x00000000fbc80000, 0x0000000100000000)
  eden space 369152K, 100% used [0x00000000e0000000,0x00000000f6880000,0x00000000f6880000)
  from space 43008K, 38% used [0x00000000f9280000,0x00000000fa2b7670,0x00000000fbc80000)
  to   space 43008K, 0% used [0x00000000f6880000,0x00000000f6880000,0x00000000f9280000)
 ParOldGen       total 318464K, used 180605K [0x00000000a0000000, 0x00000000b3700000, 0x00000000e0000000)
  object space 318464K, 56% used [0x00000000a0000000,0x00000000ab05f6d0,0x00000000b3700000)
 Metaspace       used 77877K, capacity 81128K, committed 82264K, reserved 1120256K
  class space    used 10519K, capacity 11191K, committed 11608K, reserved 1048576K
Event: 26.539 GC heap after
Heap after GC invocations=31 (full 4):
 PSYoungGen      total 412160K, used 18897K [0x00000000e0000000, 0x00000000fbc80000, 0x0000000100000000)
  eden space 369152K, 0% used [0x00000000e0000000,0x00000000e0000000,0x00000000f6880000)
  from space 43008K, 43% used [0x00000000f6880000,0x00000000f7af4450,0x00000000f9280000)
  to   space 43008K, 0% used [0x00000000f9280000,0x00000000f9280000,0x00000000fbc80000)
 ParOldGen       total 318464K, used 180613K [0x00000000a0000000, 0x00000000b3700000, 0x00000000e0000000)
  object space 318464K, 56% used [0x00000000a0000000,0x00000000ab0616d0,0x00000000b3700000)
 Metaspace       used 77877K, capacity 81128K, committed 82264K, reserved 1120256K
  class space    used 10519K, capacity 11191K, committed 11608K, reserved 1048576K
}
Event: 27.422 GC heap before
{Heap before GC invocations=32 (full 4):
 PSYoungGen      total 412160K, used 388049K [0x00000000e0000000, 0x00000000fbc80000, 0x0000000100000000)
  eden space 369152K, 100% used [0x00000000e0000000,0x00000000f6880000,0x00000000f6880000)
  from space 43008K, 43% used [0x00000000f6880000,0x00000000f7af4450,0x00000000f9280000)
  to   space 43008K, 0% used [0x00000000f9280000,0x00000000f9280000,0x00000000fbc80000)
 ParOldGen       total 318464K, used 180613K [0x00000000a0000000, 0x00000000b3700000, 0x00000000e0000000)
  object space 318464K, 56% used [0x00000000a0000000,0x00000000ab0616d0,0x00000000b3700000)
 Metaspace       used 78018K, capacity 81346K, committed 82648K, reserved 1120256K
  class space    used 10538K, capacity 11262K, committed 11736K, reserved 1048576K
Event: 27.460 GC heap after
Heap after GC invocations=32 (full 4):
 PSYoungGen      total 412160K, used 24465K [0x00000000e0000000, 0x00000000fbc80000, 0x0000000100000000)
  eden space 369152K, 0% used [0x00000000e0000000,0x00000000e0000000,0x00000000f6880000)
  from space 43008K, 56% used [0x00000000f9280000,0x00000000faa64530,0x00000000fbc80000)
  to   space 43008K, 0% used [0x00000000f6880000,0x00000000f6880000,0x00000000f9280000)
 ParOldGen       total 318464K, used 180613K [0x00000000a0000000, 0x00000000b3700000, 0x00000000e0000000)
  object space 318464K, 56% used [0x00000000a0000000,0x00000000ab0616d0,0x00000000b3700000)
 Metaspace       used 78018K, capacity 81346K, committed 82648K, reserved 1120256K
  class space    used 10538K, capacity 11262K, committed 11736K, reserved 1048576K
}
Event: 28.397 GC heap before
{Heap before GC invocations=33 (full 4):
 PSYoungGen      total 412160K, used 393617K [0x00000000e0000000, 0x00000000fbc80000, 0x0000000100000000)
  eden space 369152K, 100% used [0x00000000e0000000,0x00000000f6880000,0x00000000f6880000)
  from space 43008K, 56% used [0x00000000f9280000,0x00000000faa64530,0x00000000fbc80000)
  to   space 43008K, 0% used [0x00000000f6880000,0x00000000f6880000,0x00000000f9280000)
 ParOldGen       total 318464K, used 180613K [0x00000000a0000000, 0x00000000b3700000, 0x00000000e0000000)
  object space 318464K, 56% used [0x00000000a0000000,0x00000000ab0616d0,0x00000000b3700000)
 Metaspace       used 78045K, capacity 81346K, committed 82648K, reserved 1120256K
  class space    used 10539K, capacity 11262K, committed 11736K, reserved 1048576K
Event: 28.436 GC heap after
Heap after GC invocations=33 (full 4):
 PSYoungGen      total 412160K, used 26205K [0x00000000e0000000, 0x00000000fbc80000, 0x0000000100000000)
  eden space 369152K, 0% used [0x00000000e0000000,0x00000000e0000000,0x00000000f6880000)
  from space 43008K, 60% used [0x00000000f6880000,0x00000000f82175c0,0x00000000f9280000)
  to   space 43008K, 0% used [0x00000000f9280000,0x00000000f9280000,0x00000000fbc80000)
 ParOldGen       total 318464K, used 180621K [0x00000000a0000000, 0x00000000b3700000, 0x00000000e0000000)
  object space 318464K, 56% used [0x00000000a0000000,0x00000000ab0636d0,0x00000000b3700000)
 Metaspace       used 78045K, capacity 81346K, committed 82648K, reserved 1120256K
  class space    used 10539K, capacity 11262K, committed 11736K, reserved 1048576K
}

