# JRE version: OpenJDK Runtime Environment (8.0_212-b04) (build 1.8.0_212-release-1586-b04)
# Java VM: OpenJDK 64-Bit Server VM (25.212-b04 mixed mode windows-amd64 compressed oops)
Heap:
 PSYoungGen      total 464384K, used 293583K [0x00000000e0000000, 0x0000000100000000, 0x0000000100000000)
  eden space 415744K, 60% used [0x00000000e0000000,0x00000000ef50a0b8,0x00000000f9600000)
  from space 48640K, 87% used [0x00000000fca80000,0x00000000ff429d58,0x00000000ffa00000)
  to   space 53760K, 0% used [0x00000000f9600000,0x00000000f9600000,0x00000000fca80000)
 ParOldGen       total 309248K, used 131837K [0x00000000a0000000, 0x00000000b2e00000, 0x00000000e0000000)
  object space 309248K, 42% used [0x00000000a0000000,0x00000000a80bf630,0x00000000b2e00000)
 Metaspace       used 72010K, capacity 75310K, committed 75864K, reserved 1114112K
  class space    used 9752K, capacity 10428K, committed 10624K, reserved 1048576K
GC Heap History (10 events):
Event: 20.342 GC heap before
{Heap before GC invocations=26 (full 4):
 PSYoungGen      total 313856K, used 293729K [0x00000000e0000000, 0x00000000f8100000, 0x0000000100000000)
  eden space 274944K, 100% used [0x00000000e0000000,0x00000000f0c80000,0x00000000f0c80000)
  from space 38912K, 48% used [0x00000000f0c80000,0x00000000f1ed8648,0x00000000f3280000)
  to   space 37376K, 0% used [0x00000000f5c80000,0x00000000f5c80000,0x00000000f8100000)
 ParOldGen       total 309248K, used 131795K [0x00000000a0000000, 0x00000000b2e00000, 0x00000000e0000000)
  object space 309248K, 42% used [0x00000000a0000000,0x00000000a80b4e10,0x00000000b2e00000)
 Metaspace       used 69203K, capacity 72194K, committed 73048K, reserved 1112064K
  class space    used 9434K, capacity 10086K, committed 10368K, reserved 1048576K
Event: 20.371 GC heap after
Heap after GC invocations=26 (full 4):
 PSYoungGen      total 356352K, used 22850K [0x00000000e0000000, 0x00000000f8280000, 0x0000000100000000)
  eden space 318976K, 0% used [0x00000000e0000000,0x00000000e0000000,0x00000000f3780000)
  from space 37376K, 61% used [0x00000000f5c80000,0x00000000f72d0910,0x00000000f8100000)
  to   space 37888K, 0% used [0x00000000f3780000,0x00000000f3780000,0x00000000f5c80000)
 ParOldGen       total 309248K, used 131803K [0x00000000a0000000, 0x00000000b2e00000, 0x00000000e0000000)
  object space 309248K, 42% used [0x00000000a0000000,0x00000000a80b6e10,0x00000000b2e00000)
 Metaspace       used 69203K, capacity 72194K, committed 73048K, reserved 1112064K
  class space    used 9434K, capacity 10086K, committed 10368K, reserved 1048576K
}
Event: 21.003 GC heap before
{Heap before GC invocations=27 (full 4):
 PSYoungGen      total 356352K, used 341826K [0x00000000e0000000, 0x00000000f8280000, 0x0000000100000000)
  eden space 318976K, 100% used [0x00000000e0000000,0x00000000f3780000,0x00000000f3780000)
  from space 37376K, 61% used [0x00000000f5c80000,0x00000000f72d0910,0x00000000f8100000)
  to   space 37888K, 0% used [0x00000000f3780000,0x00000000f3780000,0x00000000f5c80000)
 ParOldGen       total 309248K, used 131803K [0x00000000a0000000, 0x00000000b2e00000, 0x00000000e0000000)
  object space 309248K, 42% used [0x00000000a0000000,0x00000000a80b6e10,0x00000000b2e00000)
 Metaspace       used 69555K, capacity 72470K, committed 73304K, reserved 1112064K
  class space    used 9472K, capacity 10088K, committed 10368K, reserved 1048576K
Event: 21.040 GC heap after
Heap after GC invocations=27 (full 4):
 PSYoungGen      total 356864K, used 27081K [0x00000000e0000000, 0x00000000fba00000, 0x0000000100000000)
  eden space 318976K, 0% used [0x00000000e0000000,0x00000000e0000000,0x00000000f3780000)
  from space 37888K, 71% used [0x00000000f3780000,0x00000000f51f26e8,0x00000000f5c80000)
  to   space 39424K, 0% used [0x00000000f9380000,0x00000000f9380000,0x00000000fba00000)
 ParOldGen       total 309248K, used 131811K [0x00000000a0000000, 0x00000000b2e00000, 0x00000000e0000000)
  object space 309248K, 42% used [0x00000000a0000000,0x00000000a80b8e10,0x00000000b2e00000)
 Metaspace       used 69555K, capacity 72470K, committed 73304K, reserved 1112064K
  class space    used 9472K, capacity 10088K, committed 10368K, reserved 1048576K
}
Event: 21.689 GC heap before
{Heap before GC invocations=28 (full 4):
 PSYoungGen      total 356864K, used 346057K [0x00000000e0000000, 0x00000000fba00000, 0x0000000100000000)
  eden space 318976K, 100% used [0x00000000e0000000,0x00000000f3780000,0x00000000f3780000)
  from space 37888K, 71% used [0x00000000f3780000,0x00000000f51f26e8,0x00000000f5c80000)
  to   space 39424K, 0% used [0x00000000f9380000,0x00000000f9380000,0x00000000fba00000)
 ParOldGen       total 309248K, used 131811K [0x00000000a0000000, 0x00000000b2e00000, 0x00000000e0000000)
  object space 309248K, 42% used [0x00000000a0000000,0x00000000a80b8e10,0x00000000b2e00000)
 Metaspace       used 70261K, capacity 73294K, committed 74200K, reserved 1114112K
  class space    used 9547K, capacity 10198K, committed 10496K, reserved 1048576K
Event: 21.733 GC heap after
Heap after GC invocations=28 (full 4):
 PSYoungGen      total 408576K, used 35426K [0x00000000e0000000, 0x00000000fc680000, 0x0000000100000000)
  eden space 369152K, 0% used [0x00000000e0000000,0x00000000e0000000,0x00000000f6880000)
  from space 39424K, 89% used [0x00000000f9380000,0x00000000fb6189c0,0x00000000fba00000)
  to   space 44032K, 0% used [0x00000000f6880000,0x00000000f6880000,0x00000000f9380000)
 ParOldGen       total 309248K, used 131819K [0x00000000a0000000, 0x00000000b2e00000, 0x00000000e0000000)
  object space 309248K, 42% used [0x00000000a0000000,0x00000000a80bae10,0x00000000b2e00000)
 Metaspace       used 70261K, capacity 73294K, committed 74200K, reserved 1114112K
  class space    used 9547K, capacity 10198K, committed 10496K, reserved 1048576K
}
Event: 22.527 GC heap before
{Heap before GC invocations=29 (full 4):
 PSYoungGen      total 408576K, used 404578K [0x00000000e0000000, 0x00000000fc680000, 0x0000000100000000)
  eden space 369152K, 100% used [0x00000000e0000000,0x00000000f6880000,0x00000000f6880000)
  from space 39424K, 89% used [0x00000000f9380000,0x00000000fb6189c0,0x00000000fba00000)
  to   space 44032K, 0% used [0x00000000f6880000,0x00000000f6880000,0x00000000f9380000)
 ParOldGen       total 309248K, used 131819K [0x00000000a0000000, 0x00000000b2e00000, 0x00000000e0000000)
  object space 309248K, 42% used [0x00000000a0000000,0x00000000a80bae40,0x00000000b2e00000)
 Metaspace       used 70746K, capacity 73824K, committed 74456K, reserved 1114112K
  class space    used 9601K, capacity 10247K, committed 10496K, reserved 1048576K
Event: 22.574 GC heap after
Heap after GC invocations=29 (full 4):
 PSYoungGen      total 413184K, used 39092K [0x00000000e0000000, 0x00000000ffa00000, 0x0000000100000000)
  eden space 369152K, 0% used [0x00000000e0000000,0x00000000e0000000,0x00000000f6880000)
  from space 44032K, 88% used [0x00000000f6880000,0x00000000f8ead2f0,0x00000000f9380000)
  to   space 48640K, 0% used [0x00000000fca80000,0x00000000fca80000,0x00000000ffa00000)
 ParOldGen       total 309248K, used 131827K [0x00000000a0000000, 0x00000000b2e00000, 0x00000000e0000000)
  object space 309248K, 42% used [0x00000000a0000000,0x00000000a80bce40,0x00000000b2e00000)
 Metaspace       used 70746K, capacity 73824K, committed 74456K, reserved 1114112K
  class space    used 9601K, capacity 10247K, committed 10496K, reserved 1048576K
}
Event: 23.337 GC heap before
{Heap before GC invocations=30 (full 4):
 PSYoungGen      total 413184K, used 408244K [0x00000000e0000000, 0x00000000ffa00000, 0x0000000100000000)
  eden space 369152K, 100% used [0x00000000e0000000,0x00000000f6880000,0x00000000f6880000)
  from space 44032K, 88% used [0x00000000f6880000,0x00000000f8ead2f0,0x00000000f9380000)
  to   space 48640K, 0% used [0x00000000fca80000,0x00000000fca80000,0x00000000ffa00000)
 ParOldGen       total 309248K, used 131829K [0x00000000a0000000, 0x00000000b2e00000, 0x00000000e0000000)
  object space 309248K, 42% used [0x00000000a0000000,0x00000000a80bd630,0x00000000b2e00000)
 Metaspace       used 71983K, capacity 75310K, committed 75864K, reserved 1114112K
  class space    used 9752K, capacity 10428K, committed 10624K, reserved 1048576K
Event: 23.403 GC heap after
Heap after GC invocations=30 (full 4):
 PSYoungGen      total 464384K, used 42663K [0x00000000e0000000, 0x0000000100000000, 0x0000000100000000)
  eden space 415744K, 0% used [0x00000000e0000000,0x00000000e0000000,0x00000000f9600000)
  from space 48640K, 87% used [0x00000000fca80000,0x00000000ff429d58,0x00000000ffa00000)
  to   space 53760K, 0% used [0x00000000f9600000,0x00000000f9600000,0x00000000fca80000)
 ParOldGen       total 309248K, used 131837K [0x00000000a0000000, 0x00000000b2e00000, 0x00000000e0000000)
  object space 309248K, 42% used [0x00000000a0000000,0x00000000a80bf630,0x00000000b2e00000)
 Metaspace       used 71983K, capacity 75310K, committed 75864K, reserved 1114112K
  class space    used 9752K, capacity 10428K, committed 10624K, reserved 1048576K
}

