# JRE version: OpenJDK Runtime Environment (8.0_212-b04) (build 1.8.0_212-release-1586-b04)
# Java VM: OpenJDK 64-Bit Server VM (25.212-b04 mixed mode windows-amd64 compressed oops)
Heap:
 PSYoungGen      total 374784K, used 200859K [0x00000000e0000000, 0x00000000fe480000, 0x0000000100000000)
  eden space 310272K, 61% used [0x00000000e0000000,0x00000000eb9e4c90,0x00000000f2f00000)
  from space 64512K, 16% used [0x00000000f2f00000,0x00000000f3942170,0x00000000f6e00000)
  to   space 63488K, 0% used [0x00000000fa680000,0x00000000fa680000,0x00000000fe480000)
 ParOldGen       total 286208K, used 122723K [0x00000000a0000000, 0x00000000b1780000, 0x00000000e0000000)
  object space 286208K, 42% used [0x00000000a0000000,0x00000000a77d8eb8,0x00000000b1780000)
 Metaspace       used 88548K, capacity 92452K, committed 95512K, reserved 1132544K
  class space    used 11712K, capacity 12525K, committed 13352K, reserved 1048576K
GC Heap History (10 events):
Event: 58.111 GC heap before
{Heap before GC invocations=25 (full 3):
 PSYoungGen      total 262656K, used 242671K [0x00000000e0000000, 0x00000000f7680000, 0x0000000100000000)
  eden space 196608K, 100% used [0x00000000e0000000,0x00000000ec000000,0x00000000ec000000)
  from space 66048K, 69% used [0x00000000ec000000,0x00000000eecfbf50,0x00000000f0080000)
  to   space 69120K, 0% used [0x00000000f3300000,0x00000000f3300000,0x00000000f7680000)
 ParOldGen       total 154624K, used 103134K [0x00000000a0000000, 0x00000000a9700000, 0x00000000e0000000)
  object space 154624K, 66% used [0x00000000a0000000,0x00000000a64b78a0,0x00000000a9700000)
 Metaspace       used 88731K, capacity 94252K, committed 94488K, reserved 1130496K
  class space    used 12135K, capacity 13307K, committed 13352K, reserved 1048576K
Event: 58.175 GC heap after
Heap after GC invocations=25 (full 3):
 PSYoungGen      total 315904K, used 33323K [0x00000000e0000000, 0x00000000f7600000, 0x0000000100000000)
  eden space 247296K, 0% used [0x00000000e0000000,0x00000000e0000000,0x00000000ef180000)
  from space 68608K, 48% used [0x00000000f3300000,0x00000000f538ad78,0x00000000f7600000)
  to   space 67072K, 0% used [0x00000000ef180000,0x00000000ef180000,0x00000000f3300000)
 ParOldGen       total 154624K, used 120369K [0x00000000a0000000, 0x00000000a9700000, 0x00000000e0000000)
  object space 154624K, 77% used [0x00000000a0000000,0x00000000a758c478,0x00000000a9700000)
 Metaspace       used 88731K, capacity 94252K, committed 94488K, reserved 1130496K
  class space    used 12135K, capacity 13307K, committed 13352K, reserved 1048576K
}
Event: 58.786 GC heap before
{Heap before GC invocations=26 (full 3):
 PSYoungGen      total 315904K, used 280619K [0x00000000e0000000, 0x00000000f7600000, 0x0000000100000000)
  eden space 247296K, 100% used [0x00000000e0000000,0x00000000ef180000,0x00000000ef180000)
  from space 68608K, 48% used [0x00000000f3300000,0x00000000f538ad78,0x00000000f7600000)
  to   space 67072K, 0% used [0x00000000ef180000,0x00000000ef180000,0x00000000f3300000)
 ParOldGen       total 154624K, used 120369K [0x00000000a0000000, 0x00000000a9700000, 0x00000000e0000000)
  object space 154624K, 77% used [0x00000000a0000000,0x00000000a758c478,0x00000000a9700000)
 Metaspace       used 89121K, capacity 94688K, committed 94744K, reserved 1130496K
  class space    used 12138K, capacity 13311K, committed 13352K, reserved 1048576K
Event: 58.821 GC heap after
Heap after GC invocations=26 (full 3):
 PSYoungGen      total 314368K, used 22110K [0x00000000e0000000, 0x00000000fae80000, 0x0000000100000000)
  eden space 247296K, 0% used [0x00000000e0000000,0x00000000e0000000,0x00000000ef180000)
  from space 67072K, 32% used [0x00000000ef180000,0x00000000f0717878,0x00000000f3300000)
  to   space 64512K, 0% used [0x00000000f6f80000,0x00000000f6f80000,0x00000000fae80000)
 ParOldGen       total 154624K, used 131895K [0x00000000a0000000, 0x00000000a9700000, 0x00000000e0000000)
  object space 154624K, 85% used [0x00000000a0000000,0x00000000a80cdd50,0x00000000a9700000)
 Metaspace       used 89121K, capacity 94688K, committed 94744K, reserved 1130496K
  class space    used 12138K, capacity 13311K, committed 13352K, reserved 1048576K
}
Event: 59.358 GC heap before
{Heap before GC invocations=27 (full 3):
 PSYoungGen      total 314368K, used 269406K [0x00000000e0000000, 0x00000000fae80000, 0x0000000100000000)
  eden space 247296K, 100% used [0x00000000e0000000,0x00000000ef180000,0x00000000ef180000)
  from space 67072K, 32% used [0x00000000ef180000,0x00000000f0717878,0x00000000f3300000)
  to   space 64512K, 0% used [0x00000000f6f80000,0x00000000f6f80000,0x00000000fae80000)
 ParOldGen       total 154624K, used 131895K [0x00000000a0000000, 0x00000000a9700000, 0x00000000e0000000)
  object space 154624K, 85% used [0x00000000a0000000,0x00000000a80cdd50,0x00000000a9700000)
 Metaspace       used 89381K, capacity 94908K, committed 95000K, reserved 1130496K
  class space    used 12138K, capacity 13311K, committed 13352K, reserved 1048576K
Event: 59.388 GC heap after
Heap after GC invocations=27 (full 3):
 PSYoungGen      total 373248K, used 6729K [0x00000000e0000000, 0x00000000fad00000, 0x0000000100000000)
  eden space 310272K, 0% used [0x00000000e0000000,0x00000000e0000000,0x00000000f2f00000)
  from space 62976K, 10% used [0x00000000f6f80000,0x00000000f7612420,0x00000000fad00000)
  to   space 64512K, 0% used [0x00000000f2f00000,0x00000000f2f00000,0x00000000f6e00000)
 ParOldGen       total 154624K, used 149473K [0x00000000a0000000, 0x00000000a9700000, 0x00000000e0000000)
  object space 154624K, 96% used [0x00000000a0000000,0x00000000a91f84d8,0x00000000a9700000)
 Metaspace       used 89381K, capacity 94908K, committed 95000K, reserved 1130496K
  class space    used 12138K, capacity 13311K, committed 13352K, reserved 1048576K
}
Event: 59.388 GC heap before
{Heap before GC invocations=28 (full 4):
 PSYoungGen      total 373248K, used 6729K [0x00000000e0000000, 0x00000000fad00000, 0x0000000100000000)
  eden space 310272K, 0% used [0x00000000e0000000,0x00000000e0000000,0x00000000f2f00000)
  from space 62976K, 10% used [0x00000000f6f80000,0x00000000f7612420,0x00000000fad00000)
  to   space 64512K, 0% used [0x00000000f2f00000,0x00000000f2f00000,0x00000000f6e00000)
 ParOldGen       total 154624K, used 149473K [0x00000000a0000000, 0x00000000a9700000, 0x00000000e0000000)
  object space 154624K, 96% used [0x00000000a0000000,0x00000000a91f84d8,0x00000000a9700000)
 Metaspace       used 89381K, capacity 94908K, committed 95000K, reserved 1130496K
  class space    used 12138K, capacity 13311K, committed 13352K, reserved 1048576K
Event: 59.885 GC heap after
Heap after GC invocations=28 (full 4):
 PSYoungGen      total 373248K, used 0K [0x00000000e0000000, 0x00000000fad00000, 0x0000000100000000)
  eden space 310272K, 0% used [0x00000000e0000000,0x00000000e0000000,0x00000000f2f00000)
  from space 62976K, 0% used [0x00000000f6f80000,0x00000000f6f80000,0x00000000fad00000)
  to   space 64512K, 0% used [0x00000000f2f00000,0x00000000f2f00000,0x00000000f6e00000)
 ParOldGen       total 286208K, used 122715K [0x00000000a0000000, 0x00000000b1780000, 0x00000000e0000000)
  object space 286208K, 42% used [0x00000000a0000000,0x00000000a77d6eb8,0x00000000b1780000)
 Metaspace       used 88066K, capacity 91858K, committed 95000K, reserved 1130496K
  class space    used 11665K, capacity 12462K, committed 13352K, reserved 1048576K
}
Event: 60.539 GC heap before
{Heap before GC invocations=29 (full 4):
 PSYoungGen      total 373248K, used 310272K [0x00000000e0000000, 0x00000000fad00000, 0x0000000100000000)
  eden space 310272K, 100% used [0x00000000e0000000,0x00000000f2f00000,0x00000000f2f00000)
  from space 62976K, 0% used [0x00000000f6f80000,0x00000000f6f80000,0x00000000fad00000)
  to   space 64512K, 0% used [0x00000000f2f00000,0x00000000f2f00000,0x00000000f6e00000)
 ParOldGen       total 286208K, used 122715K [0x00000000a0000000, 0x00000000b1780000, 0x00000000e0000000)
  object space 286208K, 42% used [0x00000000a0000000,0x00000000a77d6eb8,0x00000000b1780000)
 Metaspace       used 88260K, capacity 92098K, committed 95256K, reserved 1130496K
  class space    used 11665K, capacity 12462K, committed 13352K, reserved 1048576K
Event: 60.555 GC heap after
Heap after GC invocations=29 (full 4):
 PSYoungGen      total 374784K, used 10504K [0x00000000e0000000, 0x00000000fe480000, 0x0000000100000000)
  eden space 310272K, 0% used [0x00000000e0000000,0x00000000e0000000,0x00000000f2f00000)
  from space 64512K, 16% used [0x00000000f2f00000,0x00000000f3942170,0x00000000f6e00000)
  to   space 63488K, 0% used [0x00000000fa680000,0x00000000fa680000,0x00000000fe480000)
 ParOldGen       total 286208K, used 122723K [0x00000000a0000000, 0x00000000b1780000, 0x00000000e0000000)
  object space 286208K, 42% used [0x00000000a0000000,0x00000000a77d8eb8,0x00000000b1780000)
 Metaspace       used 88260K, capacity 92098K, committed 95256K, reserved 1130496K
  class space    used 11665K, capacity 12462K, committed 13352K, reserved 1048576K
}

