# JRE version: OpenJDK Runtime Environment (8.0_212-b04) (build 1.8.0_212-release-1586-b04)
# Java VM: OpenJDK 64-Bit Server VM (25.212-b04 mixed mode windows-amd64 compressed oops)
Heap:
 PSYoungGen      total 255488K, used 185341K [0x00000000e0000000, 0x00000000f3500000, 0x0000000100000000)
  eden space 220672K, 74% used [0x00000000e0000000,0x00000000ea1517a8,0x00000000ed780000)
  from space 34816K, 57% used [0x00000000ed780000,0x00000000eeb2dcf0,0x00000000ef980000)
  to   space 33792K, 0% used [0x00000000f1400000,0x00000000f1400000,0x00000000f3500000)
 ParOldGen       total 219648K, used 56880K [0x00000000a0000000, 0x00000000ad680000, 0x00000000e0000000)
  object space 219648K, 25% used [0x00000000a0000000,0x00000000a378c250,0x00000000ad680000)
 Metaspace       used 101920K, capacity 107280K, committed 107416K, reserved 1142784K
  class space    used 13144K, capacity 14222K, committed 14232K, reserved 1048576K
GC Heap History (10 events):
Event: 3619.797 GC heap before
{Heap before GC invocations=25 (full 4):
 PSYoungGen      total 209920K, used 192065K [0x00000000e0000000, 0x00000000ef300000, 0x0000000100000000)
  eden space 180224K, 100% used [0x00000000e0000000,0x00000000eb000000,0x00000000eb000000)
  from space 29696K, 39% used [0x00000000ed600000,0x00000000ee190600,0x00000000ef300000)
  to   space 34304K, 0% used [0x00000000eb000000,0x00000000eb000000,0x00000000ed180000)
 ParOldGen       total 219648K, used 56818K [0x00000000a0000000, 0x00000000ad680000, 0x00000000e0000000)
  object space 219648K, 25% used [0x00000000a0000000,0x00000000a377c880,0x00000000ad680000)
 Metaspace       used 99635K, capacity 104542K, committed 105240K, reserved 1140736K
  class space    used 12945K, capacity 13877K, committed 14104K, reserved 1048576K
Event: 3619.846 GC heap after
Heap after GC invocations=25 (full 4):
 PSYoungGen      total 214528K, used 15019K [0x00000000e0000000, 0x00000000efc80000, 0x0000000100000000)
  eden space 180224K, 0% used [0x00000000e0000000,0x00000000e0000000,0x00000000eb000000)
  from space 34304K, 43% used [0x00000000eb000000,0x00000000ebeaae30,0x00000000ed180000)
  to   space 32768K, 0% used [0x00000000edc80000,0x00000000edc80000,0x00000000efc80000)
 ParOldGen       total 219648K, used 56834K [0x00000000a0000000, 0x00000000ad680000, 0x00000000e0000000)
  object space 219648K, 25% used [0x00000000a0000000,0x00000000a3780880,0x00000000ad680000)
 Metaspace       used 99635K, capacity 104542K, committed 105240K, reserved 1140736K
  class space    used 12945K, capacity 13877K, committed 14104K, reserved 1048576K
}
Event: 3943.541 GC heap before
{Heap before GC invocations=26 (full 4):
 PSYoungGen      total 214528K, used 195243K [0x00000000e0000000, 0x00000000efc80000, 0x0000000100000000)
  eden space 180224K, 100% used [0x00000000e0000000,0x00000000eb000000,0x00000000eb000000)
  from space 34304K, 43% used [0x00000000eb000000,0x00000000ebeaae30,0x00000000ed180000)
  to   space 32768K, 0% used [0x00000000edc80000,0x00000000edc80000,0x00000000efc80000)
 ParOldGen       total 219648K, used 56845K [0x00000000a0000000, 0x00000000ad680000, 0x00000000e0000000)
  object space 219648K, 25% used [0x00000000a0000000,0x00000000a37834d0,0x00000000ad680000)
 Metaspace       used 100677K, capacity 105940K, committed 106136K, reserved 1140736K
  class space    used 13067K, capacity 14140K, committed 14232K, reserved 1048576K
Event: 3943.571 GC heap after
Heap after GC invocations=26 (full 4):
 PSYoungGen      total 220672K, used 19807K [0x00000000e0000000, 0x00000000efa00000, 0x0000000100000000)
  eden space 190464K, 0% used [0x00000000e0000000,0x00000000e0000000,0x00000000eba00000)
  from space 30208K, 65% used [0x00000000edc80000,0x00000000eefd7da0,0x00000000efa00000)
  to   space 32768K, 0% used [0x00000000eba00000,0x00000000eba00000,0x00000000eda00000)
 ParOldGen       total 219648K, used 56853K [0x00000000a0000000, 0x00000000ad680000, 0x00000000e0000000)
  object space 219648K, 25% used [0x00000000a0000000,0x00000000a37854d0,0x00000000ad680000)
 Metaspace       used 100677K, capacity 105940K, committed 106136K, reserved 1140736K
  class space    used 13067K, capacity 14140K, committed 14232K, reserved 1048576K
}
Event: 3944.154 GC heap before
{Heap before GC invocations=27 (full 4):
 PSYoungGen      total 220672K, used 210271K [0x00000000e0000000, 0x00000000efa00000, 0x0000000100000000)
  eden space 190464K, 100% used [0x00000000e0000000,0x00000000eba00000,0x00000000eba00000)
  from space 30208K, 65% used [0x00000000edc80000,0x00000000eefd7da0,0x00000000efa00000)
  to   space 32768K, 0% used [0x00000000eba00000,0x00000000eba00000,0x00000000eda00000)
 ParOldGen       total 219648K, used 56856K [0x00000000a0000000, 0x00000000ad680000, 0x00000000e0000000)
  object space 219648K, 25% used [0x00000000a0000000,0x00000000a3786250,0x00000000ad680000)
 Metaspace       used 101114K, capacity 106406K, committed 106648K, reserved 1142784K
  class space    used 13110K, capacity 14207K, committed 14232K, reserved 1048576K
Event: 3944.200 GC heap after
Heap after GC invocations=27 (full 4):
 PSYoungGen      total 223232K, used 17233K [0x00000000e0000000, 0x00000000f1800000, 0x0000000100000000)
  eden space 190464K, 0% used [0x00000000e0000000,0x00000000e0000000,0x00000000eba00000)
  from space 32768K, 52% used [0x00000000eba00000,0x00000000ecad4620,0x00000000eda00000)
  to   space 31232K, 0% used [0x00000000ef980000,0x00000000ef980000,0x00000000f1800000)
 ParOldGen       total 219648K, used 56864K [0x00000000a0000000, 0x00000000ad680000, 0x00000000e0000000)
  object space 219648K, 25% used [0x00000000a0000000,0x00000000a3788250,0x00000000ad680000)
 Metaspace       used 101114K, capacity 106406K, committed 106648K, reserved 1142784K
  class space    used 13110K, capacity 14207K, committed 14232K, reserved 1048576K
}
Event: 3947.633 GC heap before
{Heap before GC invocations=28 (full 4):
 PSYoungGen      total 223232K, used 207697K [0x00000000e0000000, 0x00000000f1800000, 0x0000000100000000)
  eden space 190464K, 100% used [0x00000000e0000000,0x00000000eba00000,0x00000000eba00000)
  from space 32768K, 52% used [0x00000000eba00000,0x00000000ecad4620,0x00000000eda00000)
  to   space 31232K, 0% used [0x00000000ef980000,0x00000000ef980000,0x00000000f1800000)
 ParOldGen       total 219648K, used 56864K [0x00000000a0000000, 0x00000000ad680000, 0x00000000e0000000)
  object space 219648K, 25% used [0x00000000a0000000,0x00000000a3788250,0x00000000ad680000)
 Metaspace       used 101369K, capacity 106712K, committed 106904K, reserved 1142784K
  class space    used 13117K, capacity 14214K, committed 14232K, reserved 1048576K
Event: 3947.666 GC heap after
Heap after GC invocations=28 (full 4):
 PSYoungGen      total 251904K, used 29786K [0x00000000e0000000, 0x00000000f1c80000, 0x0000000100000000)
  eden space 220672K, 0% used [0x00000000e0000000,0x00000000e0000000,0x00000000ed780000)
  from space 31232K, 95% used [0x00000000ef980000,0x00000000f1696950,0x00000000f1800000)
  to   space 34816K, 0% used [0x00000000ed780000,0x00000000ed780000,0x00000000ef980000)
 ParOldGen       total 219648K, used 56872K [0x00000000a0000000, 0x00000000ad680000, 0x00000000e0000000)
  object space 219648K, 25% used [0x00000000a0000000,0x00000000a378a250,0x00000000ad680000)
 Metaspace       used 101369K, capacity 106712K, committed 106904K, reserved 1142784K
  class space    used 13117K, capacity 14214K, committed 14232K, reserved 1048576K
}
Event: 3948.644 GC heap before
{Heap before GC invocations=29 (full 4):
 PSYoungGen      total 251904K, used 250458K [0x00000000e0000000, 0x00000000f1c80000, 0x0000000100000000)
  eden space 220672K, 100% used [0x00000000e0000000,0x00000000ed780000,0x00000000ed780000)
  from space 31232K, 95% used [0x00000000ef980000,0x00000000f1696950,0x00000000f1800000)
  to   space 34816K, 0% used [0x00000000ed780000,0x00000000ed780000,0x00000000ef980000)
 ParOldGen       total 219648K, used 56872K [0x00000000a0000000, 0x00000000ad680000, 0x00000000e0000000)
  object space 219648K, 25% used [0x00000000a0000000,0x00000000a378a250,0x00000000ad680000)
 Metaspace       used 101510K, capacity 106832K, committed 106904K, reserved 1142784K
  class space    used 13122K, capacity 14222K, committed 14232K, reserved 1048576K
Event: 3948.670 GC heap after
Heap after GC invocations=29 (full 4):
 PSYoungGen      total 255488K, used 20151K [0x00000000e0000000, 0x00000000f3500000, 0x0000000100000000)
  eden space 220672K, 0% used [0x00000000e0000000,0x00000000e0000000,0x00000000ed780000)
  from space 34816K, 57% used [0x00000000ed780000,0x00000000eeb2dcf0,0x00000000ef980000)
  to   space 33792K, 0% used [0x00000000f1400000,0x00000000f1400000,0x00000000f3500000)
 ParOldGen       total 219648K, used 56880K [0x00000000a0000000, 0x00000000ad680000, 0x00000000e0000000)
  object space 219648K, 25% used [0x00000000a0000000,0x00000000a378c250,0x00000000ad680000)
 Metaspace       used 101510K, capacity 106832K, committed 106904K, reserved 1142784K
  class space    used 13122K, capacity 14222K, committed 14232K, reserved 1048576K
}

